---------------------------------------------------------------
[ 2017-10-05T07:28:59+08:00 ] 10.135.33.45 194.28.115.112 GET /downloader/
[ info ] 119.29.24.237/downloader/ [运行时间：0.029321s][吞吐率：34.11req/s] [内存消耗：973.26kb] [文件加载：36]
[ info ] [ LANG ] C:\wwwroot\119.29.24.237\thinkphp\lang\zh-cn.php
[ info ] [ ROUTE ] array (
  'type' => 'module',
  'module' => 
  array (
    0 => 'downloader',
    1 => NULL,
    2 => NULL,
  ),
)
[ info ] [ HEADER ] array (
  'connection' => 'close',
  'user-agent' => 'Mozilla/3.0 (compatible; Indy Library)',
  'accept-encoding' => 'identity',
  'accept' => 'text/html,application/xhtml+xml,application/xml;q=0.9,*/*;q=0.8',
  'host' => '119.29.24.237',
)
[ info ] [ PARAM ] array (
  '/downloader/' => '',
)
[ info ] [ LOG ] INIT File
---------------------------------------------------------------
[ 2017-10-05T09:11:41+08:00 ] 10.135.33.45 222.186.21.115 GET /phpmyadmin
[ info ] 119.29.24.237/phpmyadmin [运行时间：0.029595s][吞吐率：33.79req/s] [内存消耗：973.76kb] [文件加载：36]
[ info ] [ LANG ] C:\wwwroot\119.29.24.237\thinkphp\lang\zh-cn.php
[ info ] [ ROUTE ] array (
  'type' => 'module',
  'module' => 
  array (
    0 => 'phpmyadmin',
    1 => NULL,
    2 => NULL,
  ),
)
[ info ] [ HEADER ] array (
  'host' => '119.29.24.237',
  'user-agent' => 'Mozilla/4.0 (compatible; MSIE 9.0; Windows NT 6.1)',
  'referer' => 'http://119.29.24.237/phpmyadmin',
  'accept-language' => 'zh-cn',
  'accept' => '*/*',
  'content-type' => 'application/x-www-form-urlencoded',
  'connection' => 'close',
)
[ info ] [ PARAM ] array (
  '/phpmyadmin' => '',
)
[ info ] [ LOG ] INIT File
---------------------------------------------------------------
[ 2017-10-05T09:11:41+08:00 ] 10.135.33.45 222.186.21.115 GET /phpmyadmin
[ info ] 119.29.24.237/phpmyadmin [运行时间：0.026771s][吞吐率：37.35req/s] [内存消耗：973.76kb] [文件加载：36]
[ info ] [ LANG ] C:\wwwroot\119.29.24.237\thinkphp\lang\zh-cn.php
[ info ] [ ROUTE ] array (
  'type' => 'module',
  'module' => 
  array (
    0 => 'phpmyadmin',
    1 => NULL,
    2 => NULL,
  ),
)
[ info ] [ HEADER ] array (
  'host' => '119.29.24.237',
  'user-agent' => 'Mozilla/4.0 (compatible; MSIE 9.0; Windows NT 6.1)',
  'referer' => 'http://119.29.24.237/phpmyadmin',
  'accept-language' => 'zh-cn',
  'accept' => '*/*',
  'content-type' => 'application/x-www-form-urlencoded',
  'connection' => 'close',
)
[ info ] [ PARAM ] array (
  '/phpmyadmin' => '',
)
[ info ] [ LOG ] INIT File
---------------------------------------------------------------
[ 2017-10-05T11:00:25+08:00 ] 10.135.33.45 141.212.122.16 GET /
[ info ] 119.29.24.237/ [运行时间：0.498954s][吞吐率：2.00req/s] [内存消耗：2,367.56kb] [文件加载：59]
[ info ] [ LANG ] C:\wwwroot\119.29.24.237\thinkphp\lang\zh-cn.php
[ info ] [ ROUTE ] array (
  'type' => 'module',
  'module' => 
  array (
    0 => '',
    1 => NULL,
    2 => NULL,
  ),
)
[ info ] [ HEADER ] array (
  'connection' => 'close',
  'accept-encoding' => 'gzip',
  'user-agent' => 'Mozilla/5.0 zgrab/0.x',
  'host' => '119.29.24.237',
)
[ info ] [ PARAM ] array (
)
[ info ] [ DB ] INIT mysql
[ info ] [ SESSION ] INIT array (
  'id' => '',
  'var_session_id' => '',
  'prefix' => 'think',
  'type' => '',
  'auto_start' => true,
)
[ info ] [ RUN ] app\index\controller\Index->index[ C:\wwwroot\119.29.24.237\application\index\controller\Index.php ]
[ info ] [ VIEW ] C:\wwwroot\119.29.24.237\public/../application/index\view\index\index.html [ array (
  0 => 'citys',
  1 => 'city',
  2 => 'cats',
  3 => 'controller',
  4 => 'user',
  5 => 'title',
  6 => 'bigImages',
  7 => 'smallImages',
  8 => 'foodCates',
  9 => 'dealFoods',
) ]
[ info ] [ LOG ] INIT File
[ sql ] [ DB ] CONNECT:[ UseTime:0.101578s ] mysql:dbname=o2o;host=127.0.0.1;port=3306;charset=utf8
[ sql ] [ SQL ] SHOW COLUMNS FROM `o2o_city` [ RunTime:0.214911s ]
[ sql ] [ SQL ] SELECT * FROM `o2o_city` WHERE  `parent_id` <> 0  AND `status` = 1 ORDER BY `listorder`  desc,`id`  desc [ RunTime:0.075353s ]
[ sql ] [ SQL ] SELECT * FROM `o2o_city` WHERE  `uname` = 'bozhou' LIMIT 1 [ RunTime:0.040782s ]
[ sql ] [ SQL ] SHOW COLUMNS FROM `o2o_category` [ RunTime:0.001091s ]
[ sql ] [ SQL ] SELECT * FROM `o2o_category` WHERE  `parent_id` = 0  AND `status` = 1 ORDER BY `listorder`  desc,`id`  desc LIMIT 5 [ RunTime:0.000672s ]
[ sql ] [ SQL ] SELECT * FROM `o2o_category` WHERE  `parent_id` IN (1,6,9,8,2)  AND `status` = 1 ORDER BY `listorder`  desc,`id`  desc [ RunTime:0.000639s ]
[ sql ] [ SQL ] SHOW COLUMNS FROM `o2o_featured` [ RunTime:0.000998s ]
[ sql ] [ SQL ] SELECT COUNT(*) AS tp_count FROM `o2o_featured` WHERE  `status` = 1  AND `type` = 0 LIMIT 1 [ RunTime:0.000409s ]
[ sql ] [ SQL ] SELECT * FROM `o2o_featured` WHERE  `status` = 1  AND `type` = 0 ORDER BY `id`  desc LIMIT 0,10 [ RunTime:0.000433s ]
[ sql ] [ SQL ] SELECT COUNT(*) AS tp_count FROM `o2o_featured` WHERE  `status` = 1  AND `type` = 1 LIMIT 1 [ RunTime:0.000395s ]
[ sql ] [ SQL ] SELECT * FROM `o2o_featured` WHERE  `status` = 1  AND `type` = 1 ORDER BY `id`  desc LIMIT 0,10 [ RunTime:0.000459s ]
[ sql ] [ SQL ] SHOW COLUMNS FROM `o2o_deal` [ RunTime:0.000906s ]
[ sql ] [ SQL ] SELECT * FROM `o2o_deal` WHERE  `end_time` > 1507172425  AND `category_id` = 1  AND `city_id` = 12  AND `status` = 1 ORDER BY `listorder`  desc,`id`  desc LIMIT 10 [ RunTime:0.000570s ]
[ sql ] [ SQL ] SELECT * FROM `o2o_category` WHERE  `parent_id` = 1  AND `status` = 1 ORDER BY `listorder`  desc,`id`  desc LIMIT 4 [ RunTime:0.000478s ]
---------------------------------------------------------------
[ 2017-10-05T12:39:19+08:00 ] 10.135.33.45 46.18.195.18 GET /
[ info ] 119.29.24.237:80/ [运行时间：0.511460s][吞吐率：1.96req/s] [内存消耗：2,368.15kb] [文件加载：59]
[ info ] [ LANG ] C:\wwwroot\119.29.24.237\thinkphp\lang\zh-cn.php
[ info ] [ ROUTE ] array (
  'type' => 'module',
  'module' => 
  array (
    0 => '',
    1 => NULL,
    2 => NULL,
  ),
)
[ info ] [ HEADER ] array (
  'connection' => 'close',
  'accept-encoding' => 'gzip, deflate',
  'user-agent' => 'Mozilla/4.0 (compatible; MSIE 8.0; Windows NT 5.1; Trident/4.0; )',
  'accept-language' => 'en-us',
  'accept' => 'text/html,application/xhtml+xml,application/xml;q=0.9,*/*;q=0.8',
  'host' => '119.29.24.237:80',
)
[ info ] [ PARAM ] array (
)
[ info ] [ DB ] INIT mysql
[ info ] [ SESSION ] INIT array (
  'id' => '',
  'var_session_id' => '',
  'prefix' => 'think',
  'type' => '',
  'auto_start' => true,
)
[ info ] [ RUN ] app\index\controller\Index->index[ C:\wwwroot\119.29.24.237\application\index\controller\Index.php ]
[ info ] [ VIEW ] C:\wwwroot\119.29.24.237\public/../application/index\view\index\index.html [ array (
  0 => 'citys',
  1 => 'city',
  2 => 'cats',
  3 => 'controller',
  4 => 'user',
  5 => 'title',
  6 => 'bigImages',
  7 => 'smallImages',
  8 => 'foodCates',
  9 => 'dealFoods',
) ]
[ info ] [ LOG ] INIT File
[ sql ] [ DB ] CONNECT:[ UseTime:0.114052s ] mysql:dbname=o2o;host=127.0.0.1;port=3306;charset=utf8
[ sql ] [ SQL ] SHOW COLUMNS FROM `o2o_city` [ RunTime:0.339001s ]
[ sql ] [ SQL ] SELECT * FROM `o2o_city` WHERE  `parent_id` <> 0  AND `status` = 1 ORDER BY `listorder`  desc,`id`  desc [ RunTime:0.000614s ]
[ sql ] [ SQL ] SELECT * FROM `o2o_city` WHERE  `uname` = 'bozhou' LIMIT 1 [ RunTime:0.000549s ]
[ sql ] [ SQL ] SHOW COLUMNS FROM `o2o_category` [ RunTime:0.000934s ]
[ sql ] [ SQL ] SELECT * FROM `o2o_category` WHERE  `parent_id` = 0  AND `status` = 1 ORDER BY `listorder`  desc,`id`  desc LIMIT 5 [ RunTime:0.000551s ]
[ sql ] [ SQL ] SELECT * FROM `o2o_category` WHERE  `parent_id` IN (1,6,9,8,2)  AND `status` = 1 ORDER BY `listorder`  desc,`id`  desc [ RunTime:0.000569s ]
[ sql ] [ SQL ] SHOW COLUMNS FROM `o2o_featured` [ RunTime:0.001249s ]
[ sql ] [ SQL ] SELECT COUNT(*) AS tp_count FROM `o2o_featured` WHERE  `status` = 1  AND `type` = 0 LIMIT 1 [ RunTime:0.000384s ]
[ sql ] [ SQL ] SELECT * FROM `o2o_featured` WHERE  `status` = 1  AND `type` = 0 ORDER BY `id`  desc LIMIT 0,10 [ RunTime:0.000526s ]
[ sql ] [ SQL ] SELECT COUNT(*) AS tp_count FROM `o2o_featured` WHERE  `status` = 1  AND `type` = 1 LIMIT 1 [ RunTime:0.000461s ]
[ sql ] [ SQL ] SELECT * FROM `o2o_featured` WHERE  `status` = 1  AND `type` = 1 ORDER BY `id`  desc LIMIT 0,10 [ RunTime:0.000460s ]
[ sql ] [ SQL ] SHOW COLUMNS FROM `o2o_deal` [ RunTime:0.001087s ]
[ sql ] [ SQL ] SELECT * FROM `o2o_deal` WHERE  `end_time` > 1507178359  AND `category_id` = 1  AND `city_id` = 12  AND `status` = 1 ORDER BY `listorder`  desc,`id`  desc LIMIT 10 [ RunTime:0.000734s ]
[ sql ] [ SQL ] SELECT * FROM `o2o_category` WHERE  `parent_id` = 1  AND `status` = 1 ORDER BY `listorder`  desc,`id`  desc LIMIT 4 [ RunTime:0.000508s ]
---------------------------------------------------------------
[ 2017-10-05T13:13:31+08:00 ] 10.135.33.45 139.162.114.70 GET /
[ info ] 119.29.24.237/ [运行时间：0.147974s][吞吐率：6.76req/s] [内存消耗：2,367.69kb] [文件加载：59]
[ info ] [ LANG ] C:\wwwroot\119.29.24.237\thinkphp\lang\zh-cn.php
[ info ] [ ROUTE ] array (
  'type' => 'module',
  'module' => 
  array (
    0 => '',
    1 => NULL,
    2 => NULL,
  ),
)
[ info ] [ HEADER ] array (
  'connection' => 'close',
  'user-agent' => 'Mozilla/5.0 (Windows NT 10.0; WOW64) AppleWebKit/537.36 (KHTML, like Gecko) Chrome/50.0.2661.102 Safari/537.36',
  'host' => '119.29.24.237',
)
[ info ] [ PARAM ] array (
)
[ info ] [ DB ] INIT mysql
[ info ] [ SESSION ] INIT array (
  'id' => '',
  'var_session_id' => '',
  'prefix' => 'think',
  'type' => '',
  'auto_start' => true,
)
[ info ] [ RUN ] app\index\controller\Index->index[ C:\wwwroot\119.29.24.237\application\index\controller\Index.php ]
[ info ] [ VIEW ] C:\wwwroot\119.29.24.237\public/../application/index\view\index\index.html [ array (
  0 => 'citys',
  1 => 'city',
  2 => 'cats',
  3 => 'controller',
  4 => 'user',
  5 => 'title',
  6 => 'bigImages',
  7 => 'smallImages',
  8 => 'foodCates',
  9 => 'dealFoods',
) ]
[ info ] [ LOG ] INIT File
[ sql ] [ DB ] CONNECT:[ UseTime:0.000998s ] mysql:dbname=o2o;host=127.0.0.1;port=3306;charset=utf8
[ sql ] [ SQL ] SHOW COLUMNS FROM `o2o_city` [ RunTime:0.000954s ]
[ sql ] [ SQL ] SELECT * FROM `o2o_city` WHERE  `parent_id` <> 0  AND `status` = 1 ORDER BY `listorder`  desc,`id`  desc [ RunTime:0.000545s ]
[ sql ] [ SQL ] SELECT * FROM `o2o_city` WHERE  `uname` = 'bozhou' LIMIT 1 [ RunTime:0.000419s ]
[ sql ] [ SQL ] SHOW COLUMNS FROM `o2o_category` [ RunTime:0.000723s ]
[ sql ] [ SQL ] SELECT * FROM `o2o_category` WHERE  `parent_id` = 0  AND `status` = 1 ORDER BY `listorder`  desc,`id`  desc LIMIT 5 [ RunTime:0.000461s ]
[ sql ] [ SQL ] SELECT * FROM `o2o_category` WHERE  `parent_id` IN (1,6,9,8,2)  AND `status` = 1 ORDER BY `listorder`  desc,`id`  desc [ RunTime:0.000545s ]
[ sql ] [ SQL ] SHOW COLUMNS FROM `o2o_featured` [ RunTime:0.001009s ]
[ sql ] [ SQL ] SELECT COUNT(*) AS tp_count FROM `o2o_featured` WHERE  `status` = 1  AND `type` = 0 LIMIT 1 [ RunTime:0.000364s ]
[ sql ] [ SQL ] SELECT * FROM `o2o_featured` WHERE  `status` = 1  AND `type` = 0 ORDER BY `id`  desc LIMIT 0,10 [ RunTime:0.000434s ]
[ sql ] [ SQL ] SELECT COUNT(*) AS tp_count FROM `o2o_featured` WHERE  `status` = 1  AND `type` = 1 LIMIT 1 [ RunTime:0.000316s ]
[ sql ] [ SQL ] SELECT * FROM `o2o_featured` WHERE  `status` = 1  AND `type` = 1 ORDER BY `id`  desc LIMIT 0,10 [ RunTime:0.000380s ]
[ sql ] [ SQL ] SHOW COLUMNS FROM `o2o_deal` [ RunTime:0.000865s ]
[ sql ] [ SQL ] SELECT * FROM `o2o_deal` WHERE  `end_time` > 1507180411  AND `category_id` = 1  AND `city_id` = 12  AND `status` = 1 ORDER BY `listorder`  desc,`id`  desc LIMIT 10 [ RunTime:0.000534s ]
[ sql ] [ SQL ] SELECT * FROM `o2o_category` WHERE  `parent_id` = 1  AND `status` = 1 ORDER BY `listorder`  desc,`id`  desc LIMIT 4 [ RunTime:0.094489s ]
---------------------------------------------------------------
[ 2017-10-05T15:38:20+08:00 ] 10.135.33.45 222.215.158.98 GET /
[ info ] 119.29.24.237/ [运行时间：0.181144s][吞吐率：5.52req/s] [内存消耗：2,368.26kb] [文件加载：59]
[ info ] [ LANG ] C:\wwwroot\119.29.24.237\thinkphp\lang\zh-cn.php
[ info ] [ ROUTE ] array (
  'type' => 'module',
  'module' => 
  array (
    0 => '',
    1 => NULL,
    2 => NULL,
  ),
)
[ info ] [ HEADER ] array (
  'host' => '119.29.24.237',
  'user-agent' => 'Mozilla/4.0 (compatible; MSIE 9.0; Windows NT 6.1)',
  'referer' => 'http://119.29.24.237:80',
  'accept-language' => 'zh-cn',
  'accept' => '*/*',
  'content-type' => 'application/x-www-form-urlencoded',
  'connection' => 'close',
)
[ info ] [ PARAM ] array (
)
[ info ] [ DB ] INIT mysql
[ info ] [ SESSION ] INIT array (
  'id' => '',
  'var_session_id' => '',
  'prefix' => 'think',
  'type' => '',
  'auto_start' => true,
)
[ info ] [ RUN ] app\index\controller\Index->index[ C:\wwwroot\119.29.24.237\application\index\controller\Index.php ]
[ info ] [ VIEW ] C:\wwwroot\119.29.24.237\public/../application/index\view\index\index.html [ array (
  0 => 'citys',
  1 => 'city',
  2 => 'cats',
  3 => 'controller',
  4 => 'user',
  5 => 'title',
  6 => 'bigImages',
  7 => 'smallImages',
  8 => 'foodCates',
  9 => 'dealFoods',
) ]
[ info ] [ LOG ] INIT File
[ sql ] [ DB ] CONNECT:[ UseTime:0.001069s ] mysql:dbname=o2o;host=127.0.0.1;port=3306;charset=utf8
[ sql ] [ SQL ] SHOW COLUMNS FROM `o2o_city` [ RunTime:0.122848s ]
[ sql ] [ SQL ] SELECT * FROM `o2o_city` WHERE  `parent_id` <> 0  AND `status` = 1 ORDER BY `listorder`  desc,`id`  desc [ RunTime:0.000796s ]
[ sql ] [ SQL ] SELECT * FROM `o2o_city` WHERE  `uname` = 'bozhou' LIMIT 1 [ RunTime:0.000506s ]
[ sql ] [ SQL ] SHOW COLUMNS FROM `o2o_category` [ RunTime:0.000865s ]
[ sql ] [ SQL ] SELECT * FROM `o2o_category` WHERE  `parent_id` = 0  AND `status` = 1 ORDER BY `listorder`  desc,`id`  desc LIMIT 5 [ RunTime:0.000567s ]
[ sql ] [ SQL ] SELECT * FROM `o2o_category` WHERE  `parent_id` IN (1,6,9,8,2)  AND `status` = 1 ORDER BY `listorder`  desc,`id`  desc [ RunTime:0.000846s ]
[ sql ] [ SQL ] SHOW COLUMNS FROM `o2o_featured` [ RunTime:0.000935s ]
[ sql ] [ SQL ] SELECT COUNT(*) AS tp_count FROM `o2o_featured` WHERE  `status` = 1  AND `type` = 0 LIMIT 1 [ RunTime:0.000376s ]
[ sql ] [ SQL ] SELECT * FROM `o2o_featured` WHERE  `status` = 1  AND `type` = 0 ORDER BY `id`  desc LIMIT 0,10 [ RunTime:0.000441s ]
[ sql ] [ SQL ] SELECT COUNT(*) AS tp_count FROM `o2o_featured` WHERE  `status` = 1  AND `type` = 1 LIMIT 1 [ RunTime:0.000485s ]
[ sql ] [ SQL ] SELECT * FROM `o2o_featured` WHERE  `status` = 1  AND `type` = 1 ORDER BY `id`  desc LIMIT 0,10 [ RunTime:0.000367s ]
[ sql ] [ SQL ] SHOW COLUMNS FROM `o2o_deal` [ RunTime:0.000930s ]
[ sql ] [ SQL ] SELECT * FROM `o2o_deal` WHERE  `end_time` > 1507189100  AND `category_id` = 1  AND `city_id` = 12  AND `status` = 1 ORDER BY `listorder`  desc,`id`  desc LIMIT 10 [ RunTime:0.000567s ]
[ sql ] [ SQL ] SELECT * FROM `o2o_category` WHERE  `parent_id` = 1  AND `status` = 1 ORDER BY `listorder`  desc,`id`  desc LIMIT 4 [ RunTime:0.000451s ]
---------------------------------------------------------------
[ 2017-10-05T17:03:38+08:00 ] 10.135.33.45 101.226.35.225 GET /struts2-032/index.actionwp-includes/js/comment-reply.min.js
[ info ] 119.29.24.237/struts2-032/index.actionwp-includes/js/comment-reply.min.js [运行时间：0.026006s][吞吐率：38.45req/s] [内存消耗：975.26kb] [文件加载：36]
[ info ] [ LANG ] C:\wwwroot\119.29.24.237\thinkphp\lang\zh-cn.php
[ info ] [ ROUTE ] array (
  'type' => 'module',
  'module' => 
  array (
    0 => 'struts2-032',
    1 => 'index.actionwp-includes',
    2 => 'js',
  ),
)
[ info ] [ HEADER ] array (
  'cookie' => 'xx=xxx',
  'cache-control' => 'no-cache',
  'pragma' => 'no-cache',
  'referer' => 'http://119.29.24.237:80/struts2-032/index.action',
  'user-agent' => 'Mozilla/5.0 (Windows NT 6.1; WOW64) AppleWebKit/537.36 (KHTML, like Gecko) Chrome/32.0.1700.76 Safari/537.36',
  'accept' => 'text/html,application/xhtml+xml,application/xml;q=0.9,image/webp,*/*;q=0.8',
  'accept-encoding' => 'gzip,deflate',
  'connection' => 'close',
  'host' => '119.29.24.237',
)
[ info ] [ PARAM ] array (
  '/struts2-032/index_actionwp-includes/js/comment-reply_min_js' => '',
)
[ info ] [ LOG ] INIT File
---------------------------------------------------------------
[ 2017-10-05T17:03:38+08:00 ] 10.135.33.45 101.226.35.225 GET /struts2-032/index.actionskins/vector/csshover.htc
[ info ] 119.29.24.237/struts2-032/index.actionskins/vector/csshover.htc [运行时间：0.023981s][吞吐率：41.70req/s] [内存消耗：975.08kb] [文件加载：36]
[ info ] [ LANG ] C:\wwwroot\119.29.24.237\thinkphp\lang\zh-cn.php
[ info ] [ ROUTE ] array (
  'type' => 'module',
  'module' => 
  array (
    0 => 'struts2-032',
    1 => 'index.actionskins',
    2 => 'vector',
  ),
)
[ info ] [ HEADER ] array (
  'cookie' => 'xx=xxx',
  'cache-control' => 'no-cache',
  'pragma' => 'no-cache',
  'referer' => 'http://119.29.24.237:80/struts2-032/index.action',
  'user-agent' => 'Mozilla/5.0 (Windows NT 6.1; WOW64) AppleWebKit/537.36 (KHTML, like Gecko) Chrome/32.0.1700.76 Safari/537.36',
  'accept' => 'text/html,application/xhtml+xml,application/xml;q=0.9,image/webp,*/*;q=0.8',
  'accept-encoding' => 'gzip,deflate',
  'connection' => 'close',
  'host' => '119.29.24.237',
)
[ info ] [ PARAM ] array (
  '/struts2-032/index_actionskins/vector/csshover_htc' => '',
)
[ info ] [ LOG ] INIT File
---------------------------------------------------------------
[ 2017-10-05T17:03:39+08:00 ] 10.135.33.45 101.226.35.225 GET /struts2-032/index.actionmisc/states.js
[ info ] 119.29.24.237/struts2-032/index.actionmisc/states.js [运行时间：0.023315s][吞吐率：42.89req/s] [内存消耗：975.02kb] [文件加载：36]
[ info ] [ LANG ] C:\wwwroot\119.29.24.237\thinkphp\lang\zh-cn.php
[ info ] [ ROUTE ] array (
  'type' => 'module',
  'module' => 
  array (
    0 => 'struts2-032',
    1 => 'index.actionmisc',
    2 => 'states.js',
  ),
)
[ info ] [ HEADER ] array (
  'cookie' => 'xx=xxx',
  'cache-control' => 'no-cache',
  'pragma' => 'no-cache',
  'referer' => 'http://119.29.24.237:80/struts2-032/index.action',
  'user-agent' => 'Mozilla/5.0 (Windows NT 6.1; WOW64) AppleWebKit/537.36 (KHTML, like Gecko) Chrome/32.0.1700.76 Safari/537.36',
  'accept' => 'text/html,application/xhtml+xml,application/xml;q=0.9,image/webp,*/*;q=0.8',
  'accept-encoding' => 'gzip,deflate',
  'connection' => 'close',
  'host' => '119.29.24.237',
)
[ info ] [ PARAM ] array (
  '/struts2-032/index_actionmisc/states_js' => '',
)
[ info ] [ LOG ] INIT File
---------------------------------------------------------------
[ 2017-10-05T17:03:40+08:00 ] 10.135.33.45 101.226.35.225 GET /struts2-032/index.actionstatic/js/md5.js
[ info ] 119.29.24.237/struts2-032/index.actionstatic/js/md5.js [运行时间：0.026381s][吞吐率：37.91req/s] [内存消耗：975.06kb] [文件加载：36]
[ info ] [ LANG ] C:\wwwroot\119.29.24.237\thinkphp\lang\zh-cn.php
[ info ] [ ROUTE ] array (
  'type' => 'module',
  'module' => 
  array (
    0 => 'struts2-032',
    1 => 'index.actionstatic',
    2 => 'js',
  ),
)
[ info ] [ HEADER ] array (
  'cookie' => 'xx=xxx',
  'cache-control' => 'no-cache',
  'pragma' => 'no-cache',
  'referer' => 'http://119.29.24.237:80/struts2-032/index.action',
  'user-agent' => 'Mozilla/5.0 (Windows NT 6.1; WOW64) AppleWebKit/537.36 (KHTML, like Gecko) Chrome/32.0.1700.76 Safari/537.36',
  'accept' => 'text/html,application/xhtml+xml,application/xml;q=0.9,image/webp,*/*;q=0.8',
  'accept-encoding' => 'gzip,deflate',
  'connection' => 'close',
  'host' => '119.29.24.237',
)
[ info ] [ PARAM ] array (
  '/struts2-032/index_actionstatic/js/md5_js' => '',
)
[ info ] [ LOG ] INIT File
---------------------------------------------------------------
[ 2017-10-05T17:03:41+08:00 ] 10.135.33.45 101.226.35.225 GET /struts2-032/index.actioninclude/js/md5.js
[ info ] 119.29.24.237/struts2-032/index.actioninclude/js/md5.js [运行时间：0.020650s][吞吐率：48.43req/s] [内存消耗：975.05kb] [文件加载：36]
[ info ] [ LANG ] C:\wwwroot\119.29.24.237\thinkphp\lang\zh-cn.php
[ info ] [ ROUTE ] array (
  'type' => 'module',
  'module' => 
  array (
    0 => 'struts2-032',
    1 => 'index.actioninclude',
    2 => 'js',
  ),
)
[ info ] [ HEADER ] array (
  'cookie' => 'xx=xxx',
  'cache-control' => 'no-cache',
  'pragma' => 'no-cache',
  'referer' => 'http://119.29.24.237:80/struts2-032/index.action',
  'user-agent' => 'Mozilla/5.0 (Windows NT 6.1; WOW64) AppleWebKit/537.36 (KHTML, like Gecko) Chrome/32.0.1700.76 Safari/537.36',
  'accept' => 'text/html,application/xhtml+xml,application/xml;q=0.9,image/webp,*/*;q=0.8',
  'accept-encoding' => 'gzip,deflate',
  'connection' => 'close',
  'host' => '119.29.24.237',
)
[ info ] [ PARAM ] array (
  '/struts2-032/index_actioninclude/js/md5_js' => '',
)
[ info ] [ LOG ] INIT File
---------------------------------------------------------------
[ 2017-10-05T17:03:41+08:00 ] 10.135.33.45 101.226.35.225 GET /struts2-032/index.actioninclude/js/common.js
[ info ] 119.29.24.237/struts2-032/index.actioninclude/js/common.js [运行时间：0.018212s][吞吐率：54.91req/s] [内存消耗：975.08kb] [文件加载：36]
[ info ] [ LANG ] C:\wwwroot\119.29.24.237\thinkphp\lang\zh-cn.php
[ info ] [ ROUTE ] array (
  'type' => 'module',
  'module' => 
  array (
    0 => 'struts2-032',
    1 => 'index.actioninclude',
    2 => 'js',
  ),
)
[ info ] [ HEADER ] array (
  'cookie' => 'xx=xxx',
  'cache-control' => 'no-cache',
  'pragma' => 'no-cache',
  'referer' => 'http://119.29.24.237:80/struts2-032/index.action',
  'user-agent' => 'Mozilla/5.0 (Windows NT 6.1; WOW64) AppleWebKit/537.36 (KHTML, like Gecko) Chrome/32.0.1700.76 Safari/537.36',
  'accept' => 'text/html,application/xhtml+xml,application/xml;q=0.9,image/webp,*/*;q=0.8',
  'accept-encoding' => 'gzip,deflate',
  'connection' => 'close',
  'host' => '119.29.24.237',
)
[ info ] [ PARAM ] array (
  '/struts2-032/index_actioninclude/js/common_js' => '',
)
[ info ] [ LOG ] INIT File
---------------------------------------------------------------
[ 2017-10-05T17:03:42+08:00 ] 10.135.33.45 101.226.35.225 GET /struts2-032/index.actioninclude/js/ajax.js
[ info ] 119.29.24.237/struts2-032/index.actioninclude/js/ajax.js [运行时间：0.018601s][吞吐率：53.76req/s] [内存消耗：975.07kb] [文件加载：36]
[ info ] [ LANG ] C:\wwwroot\119.29.24.237\thinkphp\lang\zh-cn.php
[ info ] [ ROUTE ] array (
  'type' => 'module',
  'module' => 
  array (
    0 => 'struts2-032',
    1 => 'index.actioninclude',
    2 => 'js',
  ),
)
[ info ] [ HEADER ] array (
  'cookie' => 'xx=xxx',
  'cache-control' => 'no-cache',
  'pragma' => 'no-cache',
  'referer' => 'http://119.29.24.237:80/struts2-032/index.action',
  'user-agent' => 'Mozilla/5.0 (Windows NT 6.1; WOW64) AppleWebKit/537.36 (KHTML, like Gecko) Chrome/32.0.1700.76 Safari/537.36',
  'accept' => 'text/html,application/xhtml+xml,application/xml;q=0.9,image/webp,*/*;q=0.8',
  'accept-encoding' => 'gzip,deflate',
  'connection' => 'close',
  'host' => '119.29.24.237',
)
[ info ] [ PARAM ] array (
  '/struts2-032/index_actioninclude/js/ajax_js' => '',
)
[ info ] [ LOG ] INIT File
---------------------------------------------------------------
[ 2017-10-05T17:03:43+08:00 ] 10.135.33.45 101.226.35.225 GET /struts2-032/index.actionres/js/dev/pages/common/global.js
[ info ] 119.29.24.237/struts2-032/index.actionres/js/dev/pages/common/global.js [运行时间：0.023469s][吞吐率：42.61req/s] [内存消耗：975.62kb] [文件加载：36]
[ info ] [ LANG ] C:\wwwroot\119.29.24.237\thinkphp\lang\zh-cn.php
[ info ] [ ROUTE ] array (
  'type' => 'module',
  'module' => 
  array (
    0 => 'struts2-032',
    1 => 'index.actionres',
    2 => 'js',
  ),
)
[ info ] [ HEADER ] array (
  'cookie' => 'xx=xxx',
  'cache-control' => 'no-cache',
  'pragma' => 'no-cache',
  'referer' => 'http://119.29.24.237:80/struts2-032/index.action',
  'user-agent' => 'Mozilla/5.0 (Windows NT 6.1; WOW64) AppleWebKit/537.36 (KHTML, like Gecko) Chrome/32.0.1700.76 Safari/537.36',
  'accept' => 'text/html,application/xhtml+xml,application/xml;q=0.9,image/webp,*/*;q=0.8',
  'accept-encoding' => 'gzip,deflate',
  'connection' => 'close',
  'host' => '119.29.24.237',
)
[ info ] [ PARAM ] array (
  '/struts2-032/index_actionres/js/dev/pages/common/global_js' => '',
  'dev' => 'pages',
  'common' => 'global.js',
)
[ info ] [ LOG ] INIT File
---------------------------------------------------------------
[ 2017-10-05T17:03:43+08:00 ] 10.135.33.45 101.226.35.225 GET /struts2-032/index.actionjs/wind_editor.js
[ info ] 119.29.24.237/struts2-032/index.actionjs/wind_editor.js [运行时间：0.019635s][吞吐率：50.93req/s] [内存消耗：975.06kb] [文件加载：36]
[ info ] [ LANG ] C:\wwwroot\119.29.24.237\thinkphp\lang\zh-cn.php
[ info ] [ ROUTE ] array (
  'type' => 'module',
  'module' => 
  array (
    0 => 'struts2-032',
    1 => 'index.actionjs',
    2 => 'wind_editor.js',
  ),
)
[ info ] [ HEADER ] array (
  'cookie' => 'xx=xxx',
  'cache-control' => 'no-cache',
  'pragma' => 'no-cache',
  'referer' => 'http://119.29.24.237:80/struts2-032/index.action',
  'user-agent' => 'Mozilla/5.0 (Windows NT 6.1; WOW64) AppleWebKit/537.36 (KHTML, like Gecko) Chrome/32.0.1700.76 Safari/537.36',
  'accept' => 'text/html,application/xhtml+xml,application/xml;q=0.9,image/webp,*/*;q=0.8',
  'accept-encoding' => 'gzip,deflate',
  'connection' => 'close',
  'host' => '119.29.24.237',
)
[ info ] [ PARAM ] array (
  '/struts2-032/index_actionjs/wind_editor_js' => '',
)
[ info ] [ LOG ] INIT File
---------------------------------------------------------------
[ 2017-10-05T17:03:44+08:00 ] 10.135.33.45 101.226.35.225 GET /struts2-032/index.actionstyles/prosilver/template/forum_fn.js
[ info ] 119.29.24.237/struts2-032/index.actionstyles/prosilver/template/forum_fn.js [运行时间：0.016749s][吞吐率：59.70req/s] [内存消耗：975.60kb] [文件加载：36]
[ info ] [ LANG ] C:\wwwroot\119.29.24.237\thinkphp\lang\zh-cn.php
[ info ] [ ROUTE ] array (
  'type' => 'module',
  'module' => 
  array (
    0 => 'struts2-032',
    1 => 'index.actionstyles',
    2 => 'prosilver',
  ),
)
[ info ] [ HEADER ] array (
  'cookie' => 'xx=xxx',
  'cache-control' => 'no-cache',
  'pragma' => 'no-cache',
  'referer' => 'http://119.29.24.237:80/struts2-032/index.action',
  'user-agent' => 'Mozilla/5.0 (Windows NT 6.1; WOW64) AppleWebKit/537.36 (KHTML, like Gecko) Chrome/32.0.1700.76 Safari/537.36',
  'accept' => 'text/html,application/xhtml+xml,application/xml;q=0.9,image/webp,*/*;q=0.8',
  'accept-encoding' => 'gzip,deflate',
  'connection' => 'close',
  'host' => '119.29.24.237',
)
[ info ] [ PARAM ] array (
  '/struts2-032/index_actionstyles/prosilver/template/forum_fn_js' => '',
  'template' => 'forum_fn.js',
)
[ info ] [ LOG ] INIT File
---------------------------------------------------------------
[ 2017-10-05T17:03:45+08:00 ] 10.135.33.45 101.226.35.225 GET /struts2-032/index.actionstyles/prosilver/template/styleswitcher.js
[ info ] 119.29.24.237/struts2-032/index.actionstyles/prosilver/template/styleswitcher.js [运行时间：0.024583s][吞吐率：40.68req/s] [内存消耗：975.66kb] [文件加载：36]
[ info ] [ LANG ] C:\wwwroot\119.29.24.237\thinkphp\lang\zh-cn.php
[ info ] [ ROUTE ] array (
  'type' => 'module',
  'module' => 
  array (
    0 => 'struts2-032',
    1 => 'index.actionstyles',
    2 => 'prosilver',
  ),
)
[ info ] [ HEADER ] array (
  'cookie' => 'xx=xxx',
  'cache-control' => 'no-cache',
  'pragma' => 'no-cache',
  'referer' => 'http://119.29.24.237:80/struts2-032/index.action',
  'user-agent' => 'Mozilla/5.0 (Windows NT 6.1; WOW64) AppleWebKit/537.36 (KHTML, like Gecko) Chrome/32.0.1700.76 Safari/537.36',
  'accept' => 'text/html,application/xhtml+xml,application/xml;q=0.9,image/webp,*/*;q=0.8',
  'accept-encoding' => 'gzip,deflate',
  'connection' => 'close',
  'host' => '119.29.24.237',
)
[ info ] [ PARAM ] array (
  '/struts2-032/index_actionstyles/prosilver/template/styleswitcher_js' => '',
  'template' => 'styleswitcher.js',
)
[ info ] [ LOG ] INIT File
---------------------------------------------------------------
[ 2017-10-05T17:03:45+08:00 ] 10.135.33.45 101.226.35.225 GET /struts2-032/index.actioneditor/ubb/uploader.js
[ info ] 119.29.24.237/struts2-032/index.actioneditor/ubb/uploader.js [运行时间：0.016709s][吞吐率：59.85req/s] [内存消耗：975.08kb] [文件加载：36]
[ info ] [ LANG ] C:\wwwroot\119.29.24.237\thinkphp\lang\zh-cn.php
[ info ] [ ROUTE ] array (
  'type' => 'module',
  'module' => 
  array (
    0 => 'struts2-032',
    1 => 'index.actioneditor',
    2 => 'ubb',
  ),
)
[ info ] [ HEADER ] array (
  'cookie' => 'xx=xxx',
  'cache-control' => 'no-cache',
  'pragma' => 'no-cache',
  'referer' => 'http://119.29.24.237:80/struts2-032/index.action',
  'user-agent' => 'Mozilla/5.0 (Windows NT 6.1; WOW64) AppleWebKit/537.36 (KHTML, like Gecko) Chrome/32.0.1700.76 Safari/537.36',
  'accept' => 'text/html,application/xhtml+xml,application/xml;q=0.9,image/webp,*/*;q=0.8',
  'accept-encoding' => 'gzip,deflate',
  'connection' => 'close',
  'host' => '119.29.24.237',
)
[ info ] [ PARAM ] array (
  '/struts2-032/index_actioneditor/ubb/uploader_js' => '',
)
[ info ] [ LOG ] INIT File
---------------------------------------------------------------
[ 2017-10-05T17:03:46+08:00 ] 10.135.33.45 101.226.35.225 GET /struts2-032/index.actiontemplate/default/style.css
[ info ] 119.29.24.237/struts2-032/index.actiontemplate/default/style.css [运行时间：0.018211s][吞吐率：54.91req/s] [内存消耗：975.11kb] [文件加载：36]
[ info ] [ LANG ] C:\wwwroot\119.29.24.237\thinkphp\lang\zh-cn.php
[ info ] [ ROUTE ] array (
  'type' => 'module',
  'module' => 
  array (
    0 => 'struts2-032',
    1 => 'index.actiontemplate',
    2 => 'default',
  ),
)
[ info ] [ HEADER ] array (
  'cookie' => 'xx=xxx',
  'cache-control' => 'no-cache',
  'pragma' => 'no-cache',
  'referer' => 'http://119.29.24.237:80/struts2-032/index.action',
  'user-agent' => 'Mozilla/5.0 (Windows NT 6.1; WOW64) AppleWebKit/537.36 (KHTML, like Gecko) Chrome/32.0.1700.76 Safari/537.36',
  'accept' => 'text/html,application/xhtml+xml,application/xml;q=0.9,image/webp,*/*;q=0.8',
  'accept-encoding' => 'gzip,deflate',
  'connection' => 'close',
  'host' => '119.29.24.237',
)
[ info ] [ PARAM ] array (
  '/struts2-032/index_actiontemplate/default/style_css' => '',
)
[ info ] [ LOG ] INIT File
---------------------------------------------------------------
[ 2017-10-05T17:03:47+08:00 ] 10.135.33.45 101.226.35.225 GET /struts2-032/index.actionstatic/js/reset.js
[ info ] 119.29.24.237/struts2-032/index.actionstatic/js/reset.js [运行时间：0.019155s][吞吐率：52.21req/s] [内存消耗：975.05kb] [文件加载：36]
[ info ] [ LANG ] C:\wwwroot\119.29.24.237\thinkphp\lang\zh-cn.php
[ info ] [ ROUTE ] array (
  'type' => 'module',
  'module' => 
  array (
    0 => 'struts2-032',
    1 => 'index.actionstatic',
    2 => 'js',
  ),
)
[ info ] [ HEADER ] array (
  'cookie' => 'xx=xxx',
  'cache-control' => 'no-cache',
  'pragma' => 'no-cache',
  'referer' => 'http://119.29.24.237:80/struts2-032/index.action',
  'user-agent' => 'Mozilla/5.0 (Windows NT 6.1; WOW64) AppleWebKit/537.36 (KHTML, like Gecko) Chrome/32.0.1700.76 Safari/537.36',
  'accept' => 'text/html,application/xhtml+xml,application/xml;q=0.9,image/webp,*/*;q=0.8',
  'accept-encoding' => 'gzip,deflate',
  'connection' => 'close',
  'host' => '119.29.24.237',
)
[ info ] [ PARAM ] array (
  '/struts2-032/index_actionstatic/js/reset_js' => '',
)
[ info ] [ LOG ] INIT File
---------------------------------------------------------------
[ 2017-10-05T17:03:47+08:00 ] 10.135.33.45 101.226.35.225 GET /struts2-032/index.actionimages/js/common.js
[ info ] 119.29.24.237/struts2-032/index.actionimages/js/common.js [运行时间：0.026163s][吞吐率：38.22req/s] [内存消耗：975.07kb] [文件加载：36]
[ info ] [ LANG ] C:\wwwroot\119.29.24.237\thinkphp\lang\zh-cn.php
[ info ] [ ROUTE ] array (
  'type' => 'module',
  'module' => 
  array (
    0 => 'struts2-032',
    1 => 'index.actionimages',
    2 => 'js',
  ),
)
[ info ] [ HEADER ] array (
  'cookie' => 'xx=xxx',
  'cache-control' => 'no-cache',
  'pragma' => 'no-cache',
  'referer' => 'http://119.29.24.237:80/struts2-032/index.action',
  'user-agent' => 'Mozilla/5.0 (Windows NT 6.1; WOW64) AppleWebKit/537.36 (KHTML, like Gecko) Chrome/32.0.1700.76 Safari/537.36',
  'accept' => 'text/html,application/xhtml+xml,application/xml;q=0.9,image/webp,*/*;q=0.8',
  'accept-encoding' => 'gzip,deflate',
  'connection' => 'close',
  'host' => '119.29.24.237',
)
[ info ] [ PARAM ] array (
  '/struts2-032/index_actionimages/js/common_js' => '',
)
[ info ] [ LOG ] INIT File
---------------------------------------------------------------
[ 2017-10-05T17:03:48+08:00 ] 10.135.33.45 101.226.35.225 GET /struts2-032/index.actiontemplets/style/dede.css
[ info ] 119.29.24.237/struts2-032/index.actiontemplets/style/dede.css [运行时间：0.017260s][吞吐率：57.94req/s] [内存消耗：975.07kb] [文件加载：36]
[ info ] [ LANG ] C:\wwwroot\119.29.24.237\thinkphp\lang\zh-cn.php
[ info ] [ ROUTE ] array (
  'type' => 'module',
  'module' => 
  array (
    0 => 'struts2-032',
    1 => 'index.actiontemplets',
    2 => 'style',
  ),
)
[ info ] [ HEADER ] array (
  'cookie' => 'xx=xxx',
  'cache-control' => 'no-cache',
  'pragma' => 'no-cache',
  'referer' => 'http://119.29.24.237:80/struts2-032/index.action',
  'user-agent' => 'Mozilla/5.0 (Windows NT 6.1; WOW64) AppleWebKit/537.36 (KHTML, like Gecko) Chrome/32.0.1700.76 Safari/537.36',
  'accept' => 'text/html,application/xhtml+xml,application/xml;q=0.9,image/webp,*/*;q=0.8',
  'accept-encoding' => 'gzip,deflate',
  'connection' => 'close',
  'host' => '119.29.24.237',
)
[ info ] [ PARAM ] array (
  '/struts2-032/index_actiontemplets/style/dede_css' => '',
)
[ info ] [ LOG ] INIT File
---------------------------------------------------------------
[ 2017-10-05T17:03:49+08:00 ] 10.135.33.45 101.226.35.225 GET /struts2-032/index.actioninclude/dedeajax2.js
[ info ] 119.29.24.237/struts2-032/index.actioninclude/dedeajax2.js [运行时间：0.018110s][吞吐率：55.22req/s] [内存消耗：975.07kb] [文件加载：36]
[ info ] [ LANG ] C:\wwwroot\119.29.24.237\thinkphp\lang\zh-cn.php
[ info ] [ ROUTE ] array (
  'type' => 'module',
  'module' => 
  array (
    0 => 'struts2-032',
    1 => 'index.actioninclude',
    2 => 'dedeajax2.js',
  ),
)
[ info ] [ HEADER ] array (
  'cookie' => 'xx=xxx',
  'cache-control' => 'no-cache',
  'pragma' => 'no-cache',
  'referer' => 'http://119.29.24.237:80/struts2-032/index.action',
  'user-agent' => 'Mozilla/5.0 (Windows NT 6.1; WOW64) AppleWebKit/537.36 (KHTML, like Gecko) Chrome/32.0.1700.76 Safari/537.36',
  'accept' => 'text/html,application/xhtml+xml,application/xml;q=0.9,image/webp,*/*;q=0.8',
  'accept-encoding' => 'gzip,deflate',
  'connection' => 'close',
  'host' => '119.29.24.237',
)
[ info ] [ PARAM ] array (
  '/struts2-032/index_actioninclude/dedeajax2_js' => '',
)
[ info ] [ LOG ] INIT File
---------------------------------------------------------------
[ 2017-10-05T17:03:49+08:00 ] 10.135.33.45 101.226.35.225 GET /struts2-032/index.actionimages/default/inc.js
[ info ] 119.29.24.237/struts2-032/index.actionimages/default/inc.js [运行时间：0.016735s][吞吐率：59.75req/s] [内存消耗：975.07kb] [文件加载：36]
[ info ] [ LANG ] C:\wwwroot\119.29.24.237\thinkphp\lang\zh-cn.php
[ info ] [ ROUTE ] array (
  'type' => 'module',
  'module' => 
  array (
    0 => 'struts2-032',
    1 => 'index.actionimages',
    2 => 'default',
  ),
)
[ info ] [ HEADER ] array (
  'cookie' => 'xx=xxx',
  'cache-control' => 'no-cache',
  'pragma' => 'no-cache',
  'referer' => 'http://119.29.24.237:80/struts2-032/index.action',
  'user-agent' => 'Mozilla/5.0 (Windows NT 6.1; WOW64) AppleWebKit/537.36 (KHTML, like Gecko) Chrome/32.0.1700.76 Safari/537.36',
  'accept' => 'text/html,application/xhtml+xml,application/xml;q=0.9,image/webp,*/*;q=0.8',
  'accept-encoding' => 'gzip,deflate',
  'connection' => 'close',
  'host' => '119.29.24.237',
)
[ info ] [ PARAM ] array (
  '/struts2-032/index_actionimages/default/inc_js' => '',
)
[ info ] [ LOG ] INIT File
---------------------------------------------------------------
[ 2017-10-05T17:03:50+08:00 ] 10.135.33.45 101.226.35.225 GET /struts2-032/index.actionjs/lang/core/zh-cn.js
[ info ] 119.29.24.237/struts2-032/index.actionjs/lang/core/zh-cn.js [运行时间：0.016806s][吞吐率：59.50req/s] [内存消耗：975.33kb] [文件加载：36]
[ info ] [ LANG ] C:\wwwroot\119.29.24.237\thinkphp\lang\zh-cn.php
[ info ] [ ROUTE ] array (
  'type' => 'module',
  'module' => 
  array (
    0 => 'struts2-032',
    1 => 'index.actionjs',
    2 => 'lang',
  ),
)
[ info ] [ HEADER ] array (
  'cookie' => 'xx=xxx',
  'cache-control' => 'no-cache',
  'pragma' => 'no-cache',
  'referer' => 'http://119.29.24.237:80/struts2-032/index.action',
  'user-agent' => 'Mozilla/5.0 (Windows NT 6.1; WOW64) AppleWebKit/537.36 (KHTML, like Gecko) Chrome/32.0.1700.76 Safari/537.36',
  'accept' => 'text/html,application/xhtml+xml,application/xml;q=0.9,image/webp,*/*;q=0.8',
  'accept-encoding' => 'gzip,deflate',
  'connection' => 'close',
  'host' => '119.29.24.237',
)
[ info ] [ PARAM ] array (
  '/struts2-032/index_actionjs/lang/core/zh-cn_js' => '',
  'core' => 'zh-cn.js',
)
[ info ] [ LOG ] INIT File
---------------------------------------------------------------
[ 2017-10-05T17:03:51+08:00 ] 10.135.33.45 101.226.35.225 GET /struts2-032/index.actionjs/lang/cms/zh-cn.js
[ info ] 119.29.24.237/struts2-032/index.actionjs/lang/cms/zh-cn.js [运行时间：0.018072s][吞吐率：55.33req/s] [内存消耗：975.30kb] [文件加载：36]
[ info ] [ LANG ] C:\wwwroot\119.29.24.237\thinkphp\lang\zh-cn.php
[ info ] [ ROUTE ] array (
  'type' => 'module',
  'module' => 
  array (
    0 => 'struts2-032',
    1 => 'index.actionjs',
    2 => 'lang',
  ),
)
[ info ] [ HEADER ] array (
  'cookie' => 'xx=xxx',
  'cache-control' => 'no-cache',
  'pragma' => 'no-cache',
  'referer' => 'http://119.29.24.237:80/struts2-032/index.action',
  'user-agent' => 'Mozilla/5.0 (Windows NT 6.1; WOW64) AppleWebKit/537.36 (KHTML, like Gecko) Chrome/32.0.1700.76 Safari/537.36',
  'accept' => 'text/html,application/xhtml+xml,application/xml;q=0.9,image/webp,*/*;q=0.8',
  'accept-encoding' => 'gzip,deflate',
  'connection' => 'close',
  'host' => '119.29.24.237',
)
[ info ] [ PARAM ] array (
  '/struts2-032/index_actionjs/lang/cms/zh-cn_js' => '',
  'cms' => 'zh-cn.js',
)
[ info ] [ LOG ] INIT File
---------------------------------------------------------------
[ 2017-10-05T17:03:51+08:00 ] 10.135.33.45 101.226.35.225 GET /struts2-032/index.actiond/js/acmsd/ecms_dialog.js
[ info ] 119.29.24.237/struts2-032/index.actiond/js/acmsd/ecms_dialog.js [运行时间：0.027174s][吞吐率：36.80req/s] [内存消耗：975.38kb] [文件加载：36]
[ info ] [ LANG ] C:\wwwroot\119.29.24.237\thinkphp\lang\zh-cn.php
[ info ] [ ROUTE ] array (
  'type' => 'module',
  'module' => 
  array (
    0 => 'struts2-032',
    1 => 'index.actiond',
    2 => 'js',
  ),
)
[ info ] [ HEADER ] array (
  'cookie' => 'xx=xxx',
  'cache-control' => 'no-cache',
  'pragma' => 'no-cache',
  'referer' => 'http://119.29.24.237:80/struts2-032/index.action',
  'user-agent' => 'Mozilla/5.0 (Windows NT 6.1; WOW64) AppleWebKit/537.36 (KHTML, like Gecko) Chrome/32.0.1700.76 Safari/537.36',
  'accept' => 'text/html,application/xhtml+xml,application/xml;q=0.9,image/webp,*/*;q=0.8',
  'accept-encoding' => 'gzip,deflate',
  'connection' => 'close',
  'host' => '119.29.24.237',
)
[ info ] [ PARAM ] array (
  '/struts2-032/index_actiond/js/acmsd/ecms_dialog_js' => '',
  'acmsd' => 'ecms_dialog.js',
)
[ info ] [ LOG ] INIT File
---------------------------------------------------------------
[ 2017-10-05T17:03:52+08:00 ] 10.135.33.45 101.226.35.225 GET /struts2-032/index.actionskin/default/js/tabs.js
[ info ] 119.29.24.237/struts2-032/index.actionskin/default/js/tabs.js [运行时间：0.017107s][吞吐率：58.46req/s] [内存消耗：975.30kb] [文件加载：36]
[ info ] [ LANG ] C:\wwwroot\119.29.24.237\thinkphp\lang\zh-cn.php
[ info ] [ ROUTE ] array (
  'type' => 'module',
  'module' => 
  array (
    0 => 'struts2-032',
    1 => 'index.actionskin',
    2 => 'default',
  ),
)
[ info ] [ HEADER ] array (
  'cookie' => 'xx=xxx',
  'cache-control' => 'no-cache',
  'pragma' => 'no-cache',
  'referer' => 'http://119.29.24.237:80/struts2-032/index.action',
  'user-agent' => 'Mozilla/5.0 (Windows NT 6.1; WOW64) AppleWebKit/537.36 (KHTML, like Gecko) Chrome/32.0.1700.76 Safari/537.36',
  'accept' => 'text/html,application/xhtml+xml,application/xml;q=0.9,image/webp,*/*;q=0.8',
  'accept-encoding' => 'gzip,deflate',
  'connection' => 'close',
  'host' => '119.29.24.237',
)
[ info ] [ PARAM ] array (
  '/struts2-032/index_actionskin/default/js/tabs_js' => '',
  'js' => 'tabs.js',
)
[ info ] [ LOG ] INIT File
---------------------------------------------------------------
[ 2017-10-05T17:03:53+08:00 ] 10.135.33.45 101.226.35.225 GET /struts2-032/index.actionmedia/system/js/tab.js
[ info ] 119.29.24.237/struts2-032/index.actionmedia/system/js/tab.js [运行时间：0.023210s][吞吐率：43.08req/s] [内存消耗：975.30kb] [文件加载：36]
[ info ] [ LANG ] C:\wwwroot\119.29.24.237\thinkphp\lang\zh-cn.php
[ info ] [ ROUTE ] array (
  'type' => 'module',
  'module' => 
  array (
    0 => 'struts2-032',
    1 => 'index.actionmedia',
    2 => 'system',
  ),
)
[ info ] [ HEADER ] array (
  'cookie' => 'xx=xxx',
  'cache-control' => 'no-cache',
  'pragma' => 'no-cache',
  'referer' => 'http://119.29.24.237:80/struts2-032/index.action',
  'user-agent' => 'Mozilla/5.0 (Windows NT 6.1; WOW64) AppleWebKit/537.36 (KHTML, like Gecko) Chrome/32.0.1700.76 Safari/537.36',
  'accept' => 'text/html,application/xhtml+xml,application/xml;q=0.9,image/webp,*/*;q=0.8',
  'accept-encoding' => 'gzip,deflate',
  'connection' => 'close',
  'host' => '119.29.24.237',
)
[ info ] [ PARAM ] array (
  '/struts2-032/index_actionmedia/system/js/tab_js' => '',
  'js' => 'tab.js',
)
[ info ] [ LOG ] INIT File
---------------------------------------------------------------
[ 2017-10-05T17:03:53+08:00 ] 10.135.33.45 101.226.35.225 GET /struts2-032/index.actionmedia/system/css/mootree.css
[ info ] 119.29.24.237/struts2-032/index.actionmedia/system/css/mootree.css [运行时间：0.018048s][吞吐率：55.41req/s] [内存消耗：975.38kb] [文件加载：36]
[ info ] [ LANG ] C:\wwwroot\119.29.24.237\thinkphp\lang\zh-cn.php
[ info ] [ ROUTE ] array (
  'type' => 'module',
  'module' => 
  array (
    0 => 'struts2-032',
    1 => 'index.actionmedia',
    2 => 'system',
  ),
)
[ info ] [ HEADER ] array (
  'cookie' => 'xx=xxx',
  'cache-control' => 'no-cache',
  'pragma' => 'no-cache',
  'referer' => 'http://119.29.24.237:80/struts2-032/index.action',
  'user-agent' => 'Mozilla/5.0 (Windows NT 6.1; WOW64) AppleWebKit/537.36 (KHTML, like Gecko) Chrome/32.0.1700.76 Safari/537.36',
  'accept' => 'text/html,application/xhtml+xml,application/xml;q=0.9,image/webp,*/*;q=0.8',
  'accept-encoding' => 'gzip,deflate',
  'connection' => 'close',
  'host' => '119.29.24.237',
)
[ info ] [ PARAM ] array (
  '/struts2-032/index_actionmedia/system/css/mootree_css' => '',
  'css' => 'mootree.css',
)
[ info ] [ LOG ] INIT File
---------------------------------------------------------------
[ 2017-10-05T17:03:54+08:00 ] 10.135.33.45 101.226.35.225 GET /struts2-032/index.actionlang/zh/front.js
[ info ] 119.29.24.237/struts2-032/index.actionlang/zh/front.js [运行时间：0.024922s][吞吐率：40.12req/s] [内存消耗：975.06kb] [文件加载：36]
[ info ] [ LANG ] C:\wwwroot\119.29.24.237\thinkphp\lang\zh-cn.php
[ info ] [ ROUTE ] array (
  'type' => 'module',
  'module' => 
  array (
    0 => 'struts2-032',
    1 => 'index.actionlang',
    2 => 'zh',
  ),
)
[ info ] [ HEADER ] array (
  'cookie' => 'xx=xxx',
  'cache-control' => 'no-cache',
  'pragma' => 'no-cache',
  'referer' => 'http://119.29.24.237:80/struts2-032/index.action',
  'user-agent' => 'Mozilla/5.0 (Windows NT 6.1; WOW64) AppleWebKit/537.36 (KHTML, like Gecko) Chrome/32.0.1700.76 Safari/537.36',
  'accept' => 'text/html,application/xhtml+xml,application/xml;q=0.9,image/webp,*/*;q=0.8',
  'accept-encoding' => 'gzip,deflate',
  'connection' => 'close',
  'host' => '119.29.24.237',
)
[ info ] [ PARAM ] array (
  '/struts2-032/index_actionlang/zh/front_js' => '',
)
[ info ] [ LOG ] INIT File
---------------------------------------------------------------
[ 2017-10-05T17:03:54+08:00 ] 10.135.33.45 101.226.35.225 GET /struts2-032/index.actionstyle/default/content.css
[ info ] 119.29.24.237/struts2-032/index.actionstyle/default/content.css [运行时间：0.018485s][吞吐率：54.10req/s] [内存消耗：975.08kb] [文件加载：36]
[ info ] [ LANG ] C:\wwwroot\119.29.24.237\thinkphp\lang\zh-cn.php
[ info ] [ ROUTE ] array (
  'type' => 'module',
  'module' => 
  array (
    0 => 'struts2-032',
    1 => 'index.actionstyle',
    2 => 'default',
  ),
)
[ info ] [ HEADER ] array (
  'cookie' => 'xx=xxx',
  'cache-control' => 'no-cache',
  'pragma' => 'no-cache',
  'referer' => 'http://119.29.24.237:80/struts2-032/index.action',
  'user-agent' => 'Mozilla/5.0 (Windows NT 6.1; WOW64) AppleWebKit/537.36 (KHTML, like Gecko) Chrome/32.0.1700.76 Safari/537.36',
  'accept' => 'text/html,application/xhtml+xml,application/xml;q=0.9,image/webp,*/*;q=0.8',
  'accept-encoding' => 'gzip,deflate',
  'connection' => 'close',
  'host' => '119.29.24.237',
)
[ info ] [ PARAM ] array (
  '/struts2-032/index_actionstyle/default/content_css' => '',
)
[ info ] [ LOG ] INIT File
---------------------------------------------------------------
[ 2017-10-05T17:03:55+08:00 ] 10.135.33.45 101.226.35.225 GET /struts2-032/index.actionlang/zh/edit.js
[ info ] 119.29.24.237/struts2-032/index.actionlang/zh/edit.js [运行时间：0.017342s][吞吐率：57.66req/s] [内存消耗：975.04kb] [文件加载：36]
[ info ] [ LANG ] C:\wwwroot\119.29.24.237\thinkphp\lang\zh-cn.php
[ info ] [ ROUTE ] array (
  'type' => 'module',
  'module' => 
  array (
    0 => 'struts2-032',
    1 => 'index.actionlang',
    2 => 'zh',
  ),
)
[ info ] [ HEADER ] array (
  'cookie' => 'xx=xxx',
  'cache-control' => 'no-cache',
  'pragma' => 'no-cache',
  'referer' => 'http://119.29.24.237:80/struts2-032/index.action',
  'user-agent' => 'Mozilla/5.0 (Windows NT 6.1; WOW64) AppleWebKit/537.36 (KHTML, like Gecko) Chrome/32.0.1700.76 Safari/537.36',
  'accept' => 'text/html,application/xhtml+xml,application/xml;q=0.9,image/webp,*/*;q=0.8',
  'accept-encoding' => 'gzip,deflate',
  'connection' => 'close',
  'host' => '119.29.24.237',
)
[ info ] [ PARAM ] array (
  '/struts2-032/index_actionlang/zh/edit_js' => '',
)
[ info ] [ LOG ] INIT File
---------------------------------------------------------------
[ 2017-10-05T17:03:56+08:00 ] 10.135.33.45 101.226.35.225 GET /struts2-032/index.actionrockmongo/
[ info ] 119.29.24.237/struts2-032/index.actionrockmongo/ [运行时间：0.021729s][吞吐率：46.02req/s] [内存消耗：975.04kb] [文件加载：36]
[ info ] [ LANG ] C:\wwwroot\119.29.24.237\thinkphp\lang\zh-cn.php
[ info ] [ ROUTE ] array (
  'type' => 'module',
  'module' => 
  array (
    0 => 'struts2-032',
    1 => 'index.actionrockmongo',
    2 => NULL,
  ),
)
[ info ] [ HEADER ] array (
  'cookie' => 'xx=xxx',
  'cache-control' => 'no-cache',
  'pragma' => 'no-cache',
  'referer' => 'http://119.29.24.237:80/struts2-032/index.action',
  'user-agent' => 'Mozilla/5.0 (Windows NT 6.1; WOW64) AppleWebKit/537.36 (KHTML, like Gecko) Chrome/32.0.1700.76 Safari/537.36',
  'accept' => 'text/html,application/xhtml+xml,application/xml;q=0.9,image/webp,*/*;q=0.8',
  'accept-encoding' => 'gzip,deflate',
  'connection' => 'close',
  'host' => '119.29.24.237',
)
[ info ] [ PARAM ] array (
  '/struts2-032/index_actionrockmongo/' => '',
)
[ info ] [ LOG ] INIT File
---------------------------------------------------------------
[ 2017-10-05T17:03:56+08:00 ] 10.135.33.45 101.226.35.225 GET /struts2-032/index.actionserver-status
[ info ] 119.29.24.237/struts2-032/index.actionserver-status [运行时间：0.017814s][吞吐率：56.14req/s] [内存消耗：975.05kb] [文件加载：36]
[ info ] [ LANG ] C:\wwwroot\119.29.24.237\thinkphp\lang\zh-cn.php
[ info ] [ ROUTE ] array (
  'type' => 'module',
  'module' => 
  array (
    0 => 'struts2-032',
    1 => 'index.actionserver-status',
    2 => NULL,
  ),
)
[ info ] [ HEADER ] array (
  'cookie' => 'xx=xxx',
  'cache-control' => 'no-cache',
  'pragma' => 'no-cache',
  'referer' => 'http://119.29.24.237:80/struts2-032/index.action',
  'user-agent' => 'Mozilla/5.0 (Windows NT 6.1; WOW64) AppleWebKit/537.36 (KHTML, like Gecko) Chrome/32.0.1700.76 Safari/537.36',
  'accept' => 'text/html,application/xhtml+xml,application/xml;q=0.9,image/webp,*/*;q=0.8',
  'accept-encoding' => 'gzip,deflate',
  'connection' => 'close',
  'host' => '119.29.24.237',
)
[ info ] [ PARAM ] array (
  '/struts2-032/index_actionserver-status' => '',
)
[ info ] [ LOG ] INIT File
---------------------------------------------------------------
[ 2017-10-05T17:03:57+08:00 ] 10.135.33.45 101.226.35.225 GET /struts2-032/index.actionueditor.all.js
[ info ] 119.29.24.237/struts2-032/index.actionueditor.all.js [运行时间：0.022981s][吞吐率：43.51req/s] [内存消耗：975.05kb] [文件加载：36]
[ info ] [ LANG ] C:\wwwroot\119.29.24.237\thinkphp\lang\zh-cn.php
[ info ] [ ROUTE ] array (
  'type' => 'module',
  'module' => 
  array (
    0 => 'struts2-032',
    1 => 'index.actionueditor.all.js',
    2 => NULL,
  ),
)
[ info ] [ HEADER ] array (
  'cookie' => 'xx=xxx',
  'cache-control' => 'no-cache',
  'pragma' => 'no-cache',
  'referer' => 'http://119.29.24.237:80/struts2-032/index.action',
  'user-agent' => 'Mozilla/5.0 (Windows NT 6.1; WOW64) AppleWebKit/537.36 (KHTML, like Gecko) Chrome/32.0.1700.76 Safari/537.36',
  'accept' => 'text/html,application/xhtml+xml,application/xml;q=0.9,image/webp,*/*;q=0.8',
  'accept-encoding' => 'gzip,deflate',
  'connection' => 'close',
  'host' => '119.29.24.237',
)
[ info ] [ PARAM ] array (
  '/struts2-032/index_actionueditor_all_js' => '',
)
[ info ] [ LOG ] INIT File
---------------------------------------------------------------
[ 2017-10-05T17:03:58+08:00 ] 10.135.33.45 101.226.35.225 GET /struts2-032/index.actionwikilib.d/PmWiki.ChangeLog
[ info ] 119.29.24.237/struts2-032/index.actionwikilib.d/PmWiki.ChangeLog [运行时间：0.026593s][吞吐率：37.60req/s] [内存消耗：975.12kb] [文件加载：36]
[ info ] [ LANG ] C:\wwwroot\119.29.24.237\thinkphp\lang\zh-cn.php
[ info ] [ ROUTE ] array (
  'type' => 'module',
  'module' => 
  array (
    0 => 'struts2-032',
    1 => 'index.actionwikilib.d',
    2 => 'PmWiki.ChangeLog',
  ),
)
[ info ] [ HEADER ] array (
  'cookie' => 'xx=xxx',
  'cache-control' => 'no-cache',
  'pragma' => 'no-cache',
  'referer' => 'http://119.29.24.237:80/struts2-032/index.action',
  'user-agent' => 'Mozilla/5.0 (Windows NT 6.1; WOW64) AppleWebKit/537.36 (KHTML, like Gecko) Chrome/32.0.1700.76 Safari/537.36',
  'accept' => 'text/html,application/xhtml+xml,application/xml;q=0.9,image/webp,*/*;q=0.8',
  'accept-encoding' => 'gzip,deflate',
  'connection' => 'close',
  'host' => '119.29.24.237',
)
[ info ] [ PARAM ] array (
  '/struts2-032/index_actionwikilib_d/PmWiki_ChangeLog' => '',
)
[ info ] [ LOG ] INIT File
---------------------------------------------------------------
[ 2017-10-05T17:03:58+08:00 ] 10.135.33.45 101.226.35.225 GET /struts2-032/index.action4e5e5d7364f443e28fbf0d3ae744a59a
[ info ] 119.29.24.237/struts2-032/index.action4e5e5d7364f443e28fbf0d3ae744a59a [运行时间：0.017020s][吞吐率：58.75req/s] [内存消耗：975.23kb] [文件加载：36]
[ info ] [ LANG ] C:\wwwroot\119.29.24.237\thinkphp\lang\zh-cn.php
[ info ] [ ROUTE ] array (
  'type' => 'module',
  'module' => 
  array (
    0 => 'struts2-032',
    1 => 'index.action4e5e5d7364f443e28fbf0d3ae744a59a',
    2 => NULL,
  ),
)
[ info ] [ HEADER ] array (
  'cookie' => 'xx=xxx',
  'cache-control' => 'no-cache',
  'pragma' => 'no-cache',
  'referer' => 'http://119.29.24.237:80/struts2-032/index.action',
  'user-agent' => 'Mozilla/5.0 (Windows NT 6.1; WOW64) AppleWebKit/537.36 (KHTML, like Gecko) Chrome/32.0.1700.76 Safari/537.36',
  'accept' => 'text/html,application/xhtml+xml,application/xml;q=0.9,image/webp,*/*;q=0.8',
  'accept-encoding' => 'gzip,deflate',
  'connection' => 'close',
  'host' => '119.29.24.237',
)
[ info ] [ PARAM ] array (
  '/struts2-032/index_action4e5e5d7364f443e28fbf0d3ae744a59a' => '',
)
[ info ] [ LOG ] INIT File
---------------------------------------------------------------
[ 2017-10-05T17:03:59+08:00 ] 10.135.33.45 101.226.35.225 GET /struts2-032/index.actionjenkins/
[ info ] 119.29.24.237/struts2-032/index.actionjenkins/ [运行时间：0.019777s][吞吐率：50.56req/s] [内存消耗：975.02kb] [文件加载：36]
[ info ] [ LANG ] C:\wwwroot\119.29.24.237\thinkphp\lang\zh-cn.php
[ info ] [ ROUTE ] array (
  'type' => 'module',
  'module' => 
  array (
    0 => 'struts2-032',
    1 => 'index.actionjenkins',
    2 => NULL,
  ),
)
[ info ] [ HEADER ] array (
  'cookie' => 'xx=xxx',
  'cache-control' => 'no-cache',
  'pragma' => 'no-cache',
  'referer' => 'http://119.29.24.237:80/struts2-032/index.action',
  'user-agent' => 'Mozilla/5.0 (Windows NT 6.1; WOW64) AppleWebKit/537.36 (KHTML, like Gecko) Chrome/32.0.1700.76 Safari/537.36',
  'accept' => 'text/html,application/xhtml+xml,application/xml;q=0.9,image/webp,*/*;q=0.8',
  'accept-encoding' => 'gzip,deflate',
  'connection' => 'close',
  'host' => '119.29.24.237',
)
[ info ] [ PARAM ] array (
  '/struts2-032/index_actionjenkins/' => '',
)
[ info ] [ LOG ] INIT File
---------------------------------------------------------------
[ 2017-10-05T17:04:00+08:00 ] 10.135.33.45 101.226.35.225 GET /struts2-032/index.action
[ info ] 119.29.24.237/struts2-032/index.action [运行时间：0.017146s][吞吐率：58.32req/s] [内存消耗：974.87kb] [文件加载：36]
[ info ] [ LANG ] C:\wwwroot\119.29.24.237\thinkphp\lang\zh-cn.php
[ info ] [ ROUTE ] array (
  'type' => 'module',
  'module' => 
  array (
    0 => 'struts2-032',
    1 => 'index.action',
    2 => NULL,
  ),
)
[ info ] [ HEADER ] array (
  'cookie' => 'xx=xxx',
  'cache-control' => 'no-cache',
  'pragma' => 'no-cache',
  'referer' => 'http://119.29.24.237:80/struts2-032/index.action',
  'user-agent' => 'Mozilla/5.0 (Windows NT 6.1; WOW64) AppleWebKit/537.36 (KHTML, like Gecko) Chrome/32.0.1700.76 Safari/537.36',
  'accept' => 'text/html,application/xhtml+xml,application/xml;q=0.9,image/webp,*/*;q=0.8',
  'accept-encoding' => 'gzip,deflate',
  'connection' => 'close',
  'host' => '119.29.24.237',
)
[ info ] [ PARAM ] array (
  '/struts2-032/index_action' => '',
)
[ info ] [ LOG ] INIT File
---------------------------------------------------------------
[ 2017-10-05T19:11:22+08:00 ] 10.135.33.45 58.19.59.242 GET /
[ info ] 119.29.24.237:80/ [运行时间：0.257106s][吞吐率：3.89req/s] [内存消耗：2,367.16kb] [文件加载：59]
[ info ] [ LANG ] C:\wwwroot\119.29.24.237\thinkphp\lang\zh-cn.php
[ info ] [ ROUTE ] array (
  'type' => 'module',
  'module' => 
  array (
    0 => '',
    1 => NULL,
    2 => NULL,
  ),
)
[ info ] [ HEADER ] array (
  'connection' => 'close',
  'host' => '119.29.24.237:80',
)
[ info ] [ PARAM ] array (
)
[ info ] [ DB ] INIT mysql
[ info ] [ SESSION ] INIT array (
  'id' => '',
  'var_session_id' => '',
  'prefix' => 'think',
  'type' => '',
  'auto_start' => true,
)
[ info ] [ RUN ] app\index\controller\Index->index[ C:\wwwroot\119.29.24.237\application\index\controller\Index.php ]
[ info ] [ VIEW ] C:\wwwroot\119.29.24.237\public/../application/index\view\index\index.html [ array (
  0 => 'citys',
  1 => 'city',
  2 => 'cats',
  3 => 'controller',
  4 => 'user',
  5 => 'title',
  6 => 'bigImages',
  7 => 'smallImages',
  8 => 'foodCates',
  9 => 'dealFoods',
) ]
[ info ] [ LOG ] INIT File
[ sql ] [ DB ] CONNECT:[ UseTime:0.001098s ] mysql:dbname=o2o;host=127.0.0.1;port=3306;charset=utf8
[ sql ] [ SQL ] SHOW COLUMNS FROM `o2o_city` [ RunTime:0.000978s ]
[ sql ] [ SQL ] SELECT * FROM `o2o_city` WHERE  `parent_id` <> 0  AND `status` = 1 ORDER BY `listorder`  desc,`id`  desc [ RunTime:0.000579s ]
[ sql ] [ SQL ] SELECT * FROM `o2o_city` WHERE  `uname` = 'bozhou' LIMIT 1 [ RunTime:0.000541s ]
[ sql ] [ SQL ] SHOW COLUMNS FROM `o2o_category` [ RunTime:0.196910s ]
[ sql ] [ SQL ] SELECT * FROM `o2o_category` WHERE  `parent_id` = 0  AND `status` = 1 ORDER BY `listorder`  desc,`id`  desc LIMIT 5 [ RunTime:0.000661s ]
[ sql ] [ SQL ] SELECT * FROM `o2o_category` WHERE  `parent_id` IN (1,6,9,8,2)  AND `status` = 1 ORDER BY `listorder`  desc,`id`  desc [ RunTime:0.000692s ]
[ sql ] [ SQL ] SHOW COLUMNS FROM `o2o_featured` [ RunTime:0.001016s ]
[ sql ] [ SQL ] SELECT COUNT(*) AS tp_count FROM `o2o_featured` WHERE  `status` = 1  AND `type` = 0 LIMIT 1 [ RunTime:0.000428s ]
[ sql ] [ SQL ] SELECT * FROM `o2o_featured` WHERE  `status` = 1  AND `type` = 0 ORDER BY `id`  desc LIMIT 0,10 [ RunTime:0.000507s ]
[ sql ] [ SQL ] SELECT COUNT(*) AS tp_count FROM `o2o_featured` WHERE  `status` = 1  AND `type` = 1 LIMIT 1 [ RunTime:0.000387s ]
[ sql ] [ SQL ] SELECT * FROM `o2o_featured` WHERE  `status` = 1  AND `type` = 1 ORDER BY `id`  desc LIMIT 0,10 [ RunTime:0.000404s ]
[ sql ] [ SQL ] SHOW COLUMNS FROM `o2o_deal` [ RunTime:0.001182s ]
[ sql ] [ SQL ] SELECT * FROM `o2o_deal` WHERE  `end_time` > 1507201882  AND `category_id` = 1  AND `city_id` = 12  AND `status` = 1 ORDER BY `listorder`  desc,`id`  desc LIMIT 10 [ RunTime:0.000646s ]
[ sql ] [ SQL ] SELECT * FROM `o2o_category` WHERE  `parent_id` = 1  AND `status` = 1 ORDER BY `listorder`  desc,`id`  desc LIMIT 4 [ RunTime:0.000447s ]
---------------------------------------------------------------
[ 2017-10-05T19:11:55+08:00 ] 10.135.33.45 124.88.64.222 GET /
[ info ] 119.29.24.237/ [运行时间：0.289075s][吞吐率：3.46req/s] [内存消耗：2,368.43kb] [文件加载：59]
[ info ] [ LANG ] C:\wwwroot\119.29.24.237\thinkphp\lang\zh-cn.php
[ info ] [ ROUTE ] array (
  'type' => 'module',
  'module' => 
  array (
    0 => '',
    1 => NULL,
    2 => NULL,
  ),
)
[ info ] [ HEADER ] array (
  'connection' => 'close',
  'host' => '119.29.24.237',
  'accept-language' => 'zh-CN,zh;q=0.8',
  'accept-charset' => 'GBK,utf-8;q=0.7,*;q=0.3',
  'user-agent' => 'Mozilla/5.0 (Windows NT 6.1) AppleWebKit/537.1 (KHTML, like Gecko) Chrome/21.0.1180.89 Safari/537.1',
  'accept' => 'text/html,application/xhtml+xml,application/xml;q=0.9,*/*;q=0.8',
  'accept-encoding' => 'gzip,deflate,sdch',
)
[ info ] [ PARAM ] array (
)
[ info ] [ DB ] INIT mysql
[ info ] [ SESSION ] INIT array (
  'id' => '',
  'var_session_id' => '',
  'prefix' => 'think',
  'type' => '',
  'auto_start' => true,
)
[ info ] [ RUN ] app\index\controller\Index->index[ C:\wwwroot\119.29.24.237\application\index\controller\Index.php ]
[ info ] [ VIEW ] C:\wwwroot\119.29.24.237\public/../application/index\view\index\index.html [ array (
  0 => 'citys',
  1 => 'city',
  2 => 'cats',
  3 => 'controller',
  4 => 'user',
  5 => 'title',
  6 => 'bigImages',
  7 => 'smallImages',
  8 => 'foodCates',
  9 => 'dealFoods',
) ]
[ info ] [ LOG ] INIT File
[ sql ] [ DB ] CONNECT:[ UseTime:0.001257s ] mysql:dbname=o2o;host=127.0.0.1;port=3306;charset=utf8
[ sql ] [ SQL ] SHOW COLUMNS FROM `o2o_city` [ RunTime:0.102463s ]
[ sql ] [ SQL ] SELECT * FROM `o2o_city` WHERE  `parent_id` <> 0  AND `status` = 1 ORDER BY `listorder`  desc,`id`  desc [ RunTime:0.000783s ]
[ sql ] [ SQL ] SELECT * FROM `o2o_city` WHERE  `uname` = 'bozhou' LIMIT 1 [ RunTime:0.000705s ]
[ sql ] [ SQL ] SHOW COLUMNS FROM `o2o_category` [ RunTime:0.001058s ]
[ sql ] [ SQL ] SELECT * FROM `o2o_category` WHERE  `parent_id` = 0  AND `status` = 1 ORDER BY `listorder`  desc,`id`  desc LIMIT 5 [ RunTime:0.000610s ]
[ sql ] [ SQL ] SELECT * FROM `o2o_category` WHERE  `parent_id` IN (1,6,9,8,2)  AND `status` = 1 ORDER BY `listorder`  desc,`id`  desc [ RunTime:0.000709s ]
[ sql ] [ SQL ] SHOW COLUMNS FROM `o2o_featured` [ RunTime:0.001201s ]
[ sql ] [ SQL ] SELECT COUNT(*) AS tp_count FROM `o2o_featured` WHERE  `status` = 1  AND `type` = 0 LIMIT 1 [ RunTime:0.000657s ]
[ sql ] [ SQL ] SELECT * FROM `o2o_featured` WHERE  `status` = 1  AND `type` = 0 ORDER BY `id`  desc LIMIT 0,10 [ RunTime:0.000764s ]
[ sql ] [ SQL ] SELECT COUNT(*) AS tp_count FROM `o2o_featured` WHERE  `status` = 1  AND `type` = 1 LIMIT 1 [ RunTime:0.000416s ]
[ sql ] [ SQL ] SELECT * FROM `o2o_featured` WHERE  `status` = 1  AND `type` = 1 ORDER BY `id`  desc LIMIT 0,10 [ RunTime:0.114406s ]
[ sql ] [ SQL ] SHOW COLUMNS FROM `o2o_deal` [ RunTime:0.000993s ]
[ sql ] [ SQL ] SELECT * FROM `o2o_deal` WHERE  `end_time` > 1507201915  AND `category_id` = 1  AND `city_id` = 12  AND `status` = 1 ORDER BY `listorder`  desc,`id`  desc LIMIT 10 [ RunTime:0.000655s ]
[ sql ] [ SQL ] SELECT * FROM `o2o_category` WHERE  `parent_id` = 1  AND `status` = 1 ORDER BY `listorder`  desc,`id`  desc LIMIT 4 [ RunTime:0.000439s ]
---------------------------------------------------------------
[ 2017-10-05T19:20:42+08:00 ] 10.135.33.45 120.77.39.223 GET /manager/html
[ info ] 119.29.24.237/manager/html [运行时间：0.023738s][吞吐率：42.13req/s] [内存消耗：973.14kb] [文件加载：36]
[ info ] [ LANG ] C:\wwwroot\119.29.24.237\thinkphp\lang\zh-cn.php
[ info ] [ ROUTE ] array (
  'type' => 'module',
  'module' => 
  array (
    0 => 'manager',
    1 => 'html',
    2 => NULL,
  ),
)
[ info ] [ HEADER ] array (
  'connection' => 'close',
  'user-agent' => 'Mozilla/3.0 (compatible; Indy Library)',
  'accept' => 'text/html, */*',
  'host' => '119.29.24.237',
  'content-type' => 'text/html',
)
[ info ] [ PARAM ] array (
  '/manager/html' => '',
)
[ info ] [ LOG ] INIT File
---------------------------------------------------------------
[ 2017-10-05T20:05:02+08:00 ] 10.135.33.45 211.161.27.125 OPTIONS /ipc$
[ info ] 119.29.24.237/ipc$ [运行时间：0.029647s][吞吐率：33.73req/s] [内存消耗：972.31kb] [文件加载：36]
[ info ] [ LANG ] C:\wwwroot\119.29.24.237\thinkphp\lang\zh-cn.php
[ info ] [ ROUTE ] array (
  'type' => 'module',
  'module' => 
  array (
    0 => 'ipc$',
    1 => NULL,
    2 => NULL,
  ),
)
[ info ] [ HEADER ] array (
  'host' => '119.29.24.237',
  'translate' => 'f',
  'user-agent' => 'Microsoft-WebDAV-MiniRedir/6.1.7601',
  'connection' => 'close',
)
[ info ] [ PARAM ] array (
  '/ipc$' => '',
)
[ info ] [ LOG ] INIT File
---------------------------------------------------------------
[ 2017-10-05T20:19:26+08:00 ] 10.135.33.45 101.226.64.174 GET /struts2-032/index.action4e5e5d7364f443e28fbf0d3ae744a59a
[ info ] 119.29.24.237/struts2-032/index.action4e5e5d7364f443e28fbf0d3ae744a59a [运行时间：0.020412s][吞吐率：48.99req/s] [内存消耗：974.52kb] [文件加载：36]
[ info ] [ LANG ] C:\wwwroot\119.29.24.237\thinkphp\lang\zh-cn.php
[ info ] [ ROUTE ] array (
  'type' => 'module',
  'module' => 
  array (
    0 => 'struts2-032',
    1 => 'index.action4e5e5d7364f443e28fbf0d3ae744a59a',
    2 => NULL,
  ),
)
[ info ] [ HEADER ] array (
  'connection' => 'close',
  'user-agent' => 'Mozilla/5.0 (iPhone; CPU iPhone OS 9_3_4 like Mac OS X) AppleWebKit/601.1.46 (KHTML, like Gecko) Mobile/13G35 QQ/6.5.3.410 V1_IPH_SQ_6.5.3_1_APP_A Pixel/750 Core/UIWebView NetType/2G Mem/117',
  'accept-language' => 'zh-cn',
  'accept' => '*/*',
  'accept-encoding' => 'deflate, gzip',
  'host' => '119.29.24.237',
)
[ info ] [ PARAM ] array (
  '/struts2-032/index_action4e5e5d7364f443e28fbf0d3ae744a59a' => '',
)
[ info ] [ LOG ] INIT File
---------------------------------------------------------------
[ 2017-10-05T20:31:24+08:00 ] 10.135.33.45 113.108.21.80 GET /struts2-032/index.actionskins/vector/csshover.htc
[ info ] 119.29.24.237/struts2-032/index.actionskins/vector/csshover.htc [运行时间：0.022458s][吞吐率：44.53req/s] [内存消耗：974.33kb] [文件加载：36]
[ info ] [ LANG ] C:\wwwroot\119.29.24.237\thinkphp\lang\zh-cn.php
[ info ] [ ROUTE ] array (
  'type' => 'module',
  'module' => 
  array (
    0 => 'struts2-032',
    1 => 'index.actionskins',
    2 => 'vector',
  ),
)
[ info ] [ HEADER ] array (
  'connection' => 'close',
  'user-agent' => 'Mozilla/5.0 (iPhone; CPU iPhone OS 9_3_4 like Mac OS X) AppleWebKit/601.1.46 (KHTML, like Gecko) Mobile/13G35 QQ/6.5.3.410 V1_IPH_SQ_6.5.3_1_APP_A Pixel/750 Core/UIWebView NetType/2G Mem/117',
  'accept-language' => 'zh-cn',
  'accept' => '*/*',
  'accept-encoding' => 'deflate, gzip',
  'host' => '119.29.24.237',
)
[ info ] [ PARAM ] array (
  '/struts2-032/index_actionskins/vector/csshover_htc' => '',
)
[ info ] [ LOG ] INIT File
---------------------------------------------------------------
[ 2017-10-05T20:38:21+08:00 ] 10.135.33.45 183.57.53.222 GET /struts2-032/index.action
[ info ] 119.29.24.237/struts2-032/index.action [运行时间：0.019991s][吞吐率：50.02req/s] [内存消耗：974.06kb] [文件加载：36]
[ info ] [ LANG ] C:\wwwroot\119.29.24.237\thinkphp\lang\zh-cn.php
[ info ] [ ROUTE ] array (
  'type' => 'module',
  'module' => 
  array (
    0 => 'struts2-032',
    1 => 'index.action',
    2 => NULL,
  ),
)
[ info ] [ HEADER ] array (
  'connection' => 'close',
  'user-agent' => 'Mozilla/5.0 (iPhone; CPU iPhone OS 9_3_4 like Mac OS X) AppleWebKit/601.1.46 (KHTML, like Gecko) Mobile/13G35 QQ/6.5.3.410 V1_IPH_SQ_6.5.3_1_APP_A Pixel/750 Core/UIWebView NetType/2G Mem/117',
  'accept-language' => 'zh-cn',
  'accept' => '*/*',
  'accept-encoding' => 'deflate, gzip',
  'host' => '119.29.24.237',
)
[ info ] [ PARAM ] array (
  '/struts2-032/index_action' => '',
)
[ info ] [ LOG ] INIT File
---------------------------------------------------------------
[ 2017-10-05T20:38:22+08:00 ] 10.135.33.45 183.57.53.197 GET /struts2-032/index.actionrockmongo
[ info ] 119.29.24.237/struts2-032/index.actionrockmongo [运行时间：0.017391s][吞吐率：57.50req/s] [内存消耗：974.18kb] [文件加载：36]
[ info ] [ LANG ] C:\wwwroot\119.29.24.237\thinkphp\lang\zh-cn.php
[ info ] [ ROUTE ] array (
  'type' => 'module',
  'module' => 
  array (
    0 => 'struts2-032',
    1 => 'index.actionrockmongo',
    2 => NULL,
  ),
)
[ info ] [ HEADER ] array (
  'connection' => 'close',
  'user-agent' => 'Mozilla/5.0 (iPhone; CPU iPhone OS 9_3_4 like Mac OS X) AppleWebKit/601.1.46 (KHTML, like Gecko) Mobile/13G35 QQ/6.5.3.410 V1_IPH_SQ_6.5.3_1_APP_A Pixel/750 Core/UIWebView NetType/2G Mem/117',
  'accept-language' => 'zh-cn',
  'accept' => '*/*',
  'accept-encoding' => 'deflate, gzip',
  'host' => '119.29.24.237',
)
[ info ] [ PARAM ] array (
  '/struts2-032/index_actionrockmongo' => '',
)
[ info ] [ LOG ] INIT File
---------------------------------------------------------------
[ 2017-10-05T21:29:15+08:00 ] 10.135.33.45 178.32.6.89 GET /phpMyAdmin/scripts/setup.php
[ info ] 119.29.24.237/phpMyAdmin/scripts/setup.php [运行时间：0.027654s][吞吐率：36.16req/s] [内存消耗：972.41kb] [文件加载：36]
[ info ] [ LANG ] C:\wwwroot\119.29.24.237\thinkphp\lang\zh-cn.php
[ info ] [ ROUTE ] array (
  'type' => 'module',
  'module' => 
  array (
    0 => 'phpMyAdmin',
    1 => 'scripts',
    2 => 'setup.php',
  ),
)
[ info ] [ HEADER ] array (
  'connection' => 'close',
  'host' => '119.29.24.237',
)
[ info ] [ PARAM ] array (
  '/phpMyAdmin/scripts/setup_php' => '',
)
[ info ] [ LOG ] INIT File
---------------------------------------------------------------
[ 2017-10-05T21:29:15+08:00 ] 10.135.33.45 178.32.6.89 GET /pma/scripts/setup.php
[ info ] 119.29.24.237/pma/scripts/setup.php [运行时间：0.016305s][吞吐率：61.33req/s] [内存消耗：972.31kb] [文件加载：36]
[ info ] [ LANG ] C:\wwwroot\119.29.24.237\thinkphp\lang\zh-cn.php
[ info ] [ ROUTE ] array (
  'type' => 'module',
  'module' => 
  array (
    0 => 'pma',
    1 => 'scripts',
    2 => 'setup.php',
  ),
)
[ info ] [ HEADER ] array (
  'connection' => 'close',
  'host' => '119.29.24.237',
)
[ info ] [ PARAM ] array (
  '/pma/scripts/setup_php' => '',
)
[ info ] [ LOG ] INIT File
---------------------------------------------------------------
[ 2017-10-05T21:29:16+08:00 ] 10.135.33.45 178.32.6.89 GET /myadmin/scripts/setup.php
[ info ] 119.29.24.237/myadmin/scripts/setup.php [运行时间：0.018567s][吞吐率：53.86req/s] [内存消耗：972.24kb] [文件加载：36]
[ info ] [ LANG ] C:\wwwroot\119.29.24.237\thinkphp\lang\zh-cn.php
[ info ] [ ROUTE ] array (
  'type' => 'module',
  'module' => 
  array (
    0 => 'myadmin',
    1 => 'scripts',
    2 => 'setup.php',
  ),
)
[ info ] [ HEADER ] array (
  'connection' => 'close',
  'host' => '119.29.24.237',
)
[ info ] [ PARAM ] array (
  '/myadmin/scripts/setup_php' => '',
)
[ info ] [ LOG ] INIT File
---------------------------------------------------------------
[ 2017-10-05T23:17:46+08:00 ] 10.135.33.45 211.161.27.125 OPTIONS /ipc$
[ info ] 119.29.24.237/ipc$ [运行时间：0.020352s][吞吐率：49.13req/s] [内存消耗：972.31kb] [文件加载：36]
[ info ] [ LANG ] C:\wwwroot\119.29.24.237\thinkphp\lang\zh-cn.php
[ info ] [ ROUTE ] array (
  'type' => 'module',
  'module' => 
  array (
    0 => 'ipc$',
    1 => NULL,
    2 => NULL,
  ),
)
[ info ] [ HEADER ] array (
  'host' => '119.29.24.237',
  'translate' => 'f',
  'user-agent' => 'Microsoft-WebDAV-MiniRedir/6.1.7601',
  'connection' => 'close',
)
[ info ] [ PARAM ] array (
  '/ipc$' => '',
)
[ info ] [ LOG ] INIT File
